mode: set
github.com/extmatperez/meli_bootcamp2/12_testing3/TM/proyecto/internal/productos/repository.go:36.47,38.2 1 1
github.com/extmatperez/meli_bootcamp2/12_testing3/TM/proyecto/internal/productos/repository.go:40.51,44.16 2 1
github.com/extmatperez/meli_bootcamp2/12_testing3/TM/proyecto/internal/productos/repository.go:48.2,48.23 1 1
github.com/extmatperez/meli_bootcamp2/12_testing3/TM/proyecto/internal/productos/repository.go:44.16,46.3 1 1
github.com/extmatperez/meli_bootcamp2/12_testing3/TM/proyecto/internal/productos/repository.go:51.162,55.16 2 1
github.com/extmatperez/meli_bootcamp2/12_testing3/TM/proyecto/internal/productos/repository.go:59.2,65.16 4 1
github.com/extmatperez/meli_bootcamp2/12_testing3/TM/proyecto/internal/productos/repository.go:69.2,69.27 1 1
github.com/extmatperez/meli_bootcamp2/12_testing3/TM/proyecto/internal/productos/repository.go:55.16,57.3 1 0
github.com/extmatperez/meli_bootcamp2/12_testing3/TM/proyecto/internal/productos/repository.go:65.16,67.3 1 0
github.com/extmatperez/meli_bootcamp2/12_testing3/TM/proyecto/internal/productos/repository.go:72.44,76.16 2 1
github.com/extmatperez/meli_bootcamp2/12_testing3/TM/proyecto/internal/productos/repository.go:80.2,80.25 1 1
github.com/extmatperez/meli_bootcamp2/12_testing3/TM/proyecto/internal/productos/repository.go:84.2,86.20 2 1
github.com/extmatperez/meli_bootcamp2/12_testing3/TM/proyecto/internal/productos/repository.go:76.16,78.3 1 1
github.com/extmatperez/meli_bootcamp2/12_testing3/TM/proyecto/internal/productos/repository.go:80.25,82.3 1 0
github.com/extmatperez/meli_bootcamp2/12_testing3/TM/proyecto/internal/productos/repository.go:89.163,93.16 2 1
github.com/extmatperez/meli_bootcamp2/12_testing3/TM/proyecto/internal/productos/repository.go:97.2,99.30 2 1
github.com/extmatperez/meli_bootcamp2/12_testing3/TM/proyecto/internal/productos/repository.go:113.2,113.63 1 1
github.com/extmatperez/meli_bootcamp2/12_testing3/TM/proyecto/internal/productos/repository.go:93.16,95.3 1 0
github.com/extmatperez/meli_bootcamp2/12_testing3/TM/proyecto/internal/productos/repository.go:99.30,100.17 1 1
github.com/extmatperez/meli_bootcamp2/12_testing3/TM/proyecto/internal/productos/repository.go:100.17,105.18 3 1
github.com/extmatperez/meli_bootcamp2/12_testing3/TM/proyecto/internal/productos/repository.go:109.4,109.35 1 1
github.com/extmatperez/meli_bootcamp2/12_testing3/TM/proyecto/internal/productos/repository.go:105.18,107.5 1 0
github.com/extmatperez/meli_bootcamp2/12_testing3/TM/proyecto/internal/productos/repository.go:116.43,120.16 2 1
github.com/extmatperez/meli_bootcamp2/12_testing3/TM/proyecto/internal/productos/repository.go:124.2,126.30 2 1
github.com/extmatperez/meli_bootcamp2/12_testing3/TM/proyecto/internal/productos/repository.go:143.2,143.51 1 1
github.com/extmatperez/meli_bootcamp2/12_testing3/TM/proyecto/internal/productos/repository.go:120.16,122.3 1 0
github.com/extmatperez/meli_bootcamp2/12_testing3/TM/proyecto/internal/productos/repository.go:126.30,128.17 1 1
github.com/extmatperez/meli_bootcamp2/12_testing3/TM/proyecto/internal/productos/repository.go:128.17,134.18 4 1
github.com/extmatperez/meli_bootcamp2/12_testing3/TM/proyecto/internal/productos/repository.go:138.4,138.14 1 1
github.com/extmatperez/meli_bootcamp2/12_testing3/TM/proyecto/internal/productos/repository.go:134.18,136.5 1 0
github.com/extmatperez/meli_bootcamp2/12_testing3/TM/proyecto/internal/productos/repository.go:146.97,150.16 2 1
github.com/extmatperez/meli_bootcamp2/12_testing3/TM/proyecto/internal/productos/repository.go:154.2,154.30 1 1
github.com/extmatperez/meli_bootcamp2/12_testing3/TM/proyecto/internal/productos/repository.go:170.2,170.63 1 1
github.com/extmatperez/meli_bootcamp2/12_testing3/TM/proyecto/internal/productos/repository.go:150.16,152.3 1 0
github.com/extmatperez/meli_bootcamp2/12_testing3/TM/proyecto/internal/productos/repository.go:154.30,156.17 1 1
github.com/extmatperez/meli_bootcamp2/12_testing3/TM/proyecto/internal/productos/repository.go:156.17,162.18 4 1
github.com/extmatperez/meli_bootcamp2/12_testing3/TM/proyecto/internal/productos/repository.go:166.4,166.28 1 1
github.com/extmatperez/meli_bootcamp2/12_testing3/TM/proyecto/internal/productos/repository.go:162.18,164.5 1 0
github.com/extmatperez/meli_bootcamp2/12_testing3/TM/proyecto/internal/productos/service.go:15.48,17.2 1 1
github.com/extmatperez/meli_bootcamp2/12_testing3/TM/proyecto/internal/productos/service.go:19.48,23.16 2 1
github.com/extmatperez/meli_bootcamp2/12_testing3/TM/proyecto/internal/productos/service.go:27.2,27.23 1 1
github.com/extmatperez/meli_bootcamp2/12_testing3/TM/proyecto/internal/productos/service.go:23.16,25.3 1 1
github.com/extmatperez/meli_bootcamp2/12_testing3/TM/proyecto/internal/productos/service.go:30.151,34.16 2 1
github.com/extmatperez/meli_bootcamp2/12_testing3/TM/proyecto/internal/productos/service.go:38.2,40.16 2 1
github.com/extmatperez/meli_bootcamp2/12_testing3/TM/proyecto/internal/productos/service.go:44.2,44.27 1 1
github.com/extmatperez/meli_bootcamp2/12_testing3/TM/proyecto/internal/productos/service.go:34.16,36.3 1 1
github.com/extmatperez/meli_bootcamp2/12_testing3/TM/proyecto/internal/productos/service.go:40.16,42.3 1 0
github.com/extmatperez/meli_bootcamp2/12_testing3/TM/proyecto/internal/productos/service.go:47.160,49.2 1 1
github.com/extmatperez/meli_bootcamp2/12_testing3/TM/proyecto/internal/productos/service.go:51.40,53.2 1 1
github.com/extmatperez/meli_bootcamp2/12_testing3/TM/proyecto/internal/productos/service.go:55.94,57.2 1 1
