mode: set
github.com/extmatperez/meli_bootcamp2/tree/vega_rodrigo/hackaton/internal/products/repository.go:25.77,27.2 1 1
github.com/extmatperez/meli_bootcamp2/tree/vega_rodrigo/hackaton/internal/products/repository.go:29.56,31.16 2 1
github.com/extmatperez/meli_bootcamp2/tree/vega_rodrigo/hackaton/internal/products/repository.go:35.2,35.42 1 1
github.com/extmatperez/meli_bootcamp2/tree/vega_rodrigo/hackaton/internal/products/repository.go:55.2,55.12 1 0
github.com/extmatperez/meli_bootcamp2/tree/vega_rodrigo/hackaton/internal/products/repository.go:31.16,33.3 1 0
github.com/extmatperez/meli_bootcamp2/tree/vega_rodrigo/hackaton/internal/products/repository.go:35.42,44.17 8 1
github.com/extmatperez/meli_bootcamp2/tree/vega_rodrigo/hackaton/internal/products/repository.go:47.3,51.17 3 1
github.com/extmatperez/meli_bootcamp2/tree/vega_rodrigo/hackaton/internal/products/repository.go:44.17,46.4 1 0
github.com/extmatperez/meli_bootcamp2/tree/vega_rodrigo/hackaton/internal/products/repository.go:51.17,53.4 1 1
github.com/extmatperez/meli_bootcamp2/tree/vega_rodrigo/hackaton/internal/products/repository.go:58.91,63.16 5 1
github.com/extmatperez/meli_bootcamp2/tree/vega_rodrigo/hackaton/internal/products/repository.go:66.2,68.21 2 1
github.com/extmatperez/meli_bootcamp2/tree/vega_rodrigo/hackaton/internal/products/repository.go:86.2,88.21 3 1
github.com/extmatperez/meli_bootcamp2/tree/vega_rodrigo/hackaton/internal/products/repository.go:63.16,65.3 1 0
github.com/extmatperez/meli_bootcamp2/tree/vega_rodrigo/hackaton/internal/products/repository.go:68.21,70.17 2 1
github.com/extmatperez/meli_bootcamp2/tree/vega_rodrigo/hackaton/internal/products/repository.go:70.17,72.4 1 0
github.com/extmatperez/meli_bootcamp2/tree/vega_rodrigo/hackaton/internal/products/repository.go:73.8,76.17 3 1
github.com/extmatperez/meli_bootcamp2/tree/vega_rodrigo/hackaton/internal/products/repository.go:79.3,81.17 3 1
github.com/extmatperez/meli_bootcamp2/tree/vega_rodrigo/hackaton/internal/products/repository.go:76.17,78.4 1 0
github.com/extmatperez/meli_bootcamp2/tree/vega_rodrigo/hackaton/internal/products/repository.go:81.17,83.4 1 1
github.com/extmatperez/meli_bootcamp2/tree/vega_rodrigo/hackaton/internal/products/repository.go:91.92,95.16 4 1
github.com/extmatperez/meli_bootcamp2/tree/vega_rodrigo/hackaton/internal/products/repository.go:98.2,100.16 3 1
github.com/extmatperez/meli_bootcamp2/tree/vega_rodrigo/hackaton/internal/products/repository.go:103.2,104.22 2 1
github.com/extmatperez/meli_bootcamp2/tree/vega_rodrigo/hackaton/internal/products/repository.go:107.2,107.21 1 1
github.com/extmatperez/meli_bootcamp2/tree/vega_rodrigo/hackaton/internal/products/repository.go:95.16,97.3 1 0
github.com/extmatperez/meli_bootcamp2/tree/vega_rodrigo/hackaton/internal/products/repository.go:100.16,102.3 1 0
github.com/extmatperez/meli_bootcamp2/tree/vega_rodrigo/hackaton/internal/products/repository.go:104.22,106.3 1 1
github.com/extmatperez/meli_bootcamp2/tree/vega_rodrigo/hackaton/internal/products/service.go:15.63,17.2 1 1
github.com/extmatperez/meli_bootcamp2/tree/vega_rodrigo/hackaton/internal/products/service.go:19.53,21.2 1 1
github.com/extmatperez/meli_bootcamp2/tree/vega_rodrigo/hackaton/internal/products/service.go:23.99,31.16 3 1
github.com/extmatperez/meli_bootcamp2/tree/vega_rodrigo/hackaton/internal/products/service.go:35.2,35.15 1 1
github.com/extmatperez/meli_bootcamp2/tree/vega_rodrigo/hackaton/internal/products/service.go:31.16,33.3 1 0
github.com/extmatperez/meli_bootcamp2/tree/vega_rodrigo/hackaton/internal/products/service.go:38.89,40.2 1 1
