mode: set
github.com/extmatperez/meli_bootcamp2/tree/palacio_francisco/12_testing3/TurnoTarde/internal/transaccion/repository.go:32.47,37.2 1 1
github.com/extmatperez/meli_bootcamp2/tree/palacio_francisco/12_testing3/TurnoTarde/internal/transaccion/repository.go:39.57,43.16 3 1
github.com/extmatperez/meli_bootcamp2/tree/palacio_francisco/12_testing3/TurnoTarde/internal/transaccion/repository.go:46.2,46.26 1 1
github.com/extmatperez/meli_bootcamp2/tree/palacio_francisco/12_testing3/TurnoTarde/internal/transaccion/repository.go:43.16,45.3 1 1
github.com/extmatperez/meli_bootcamp2/tree/palacio_francisco/12_testing3/TurnoTarde/internal/transaccion/repository.go:49.73,52.16 2 1
github.com/extmatperez/meli_bootcamp2/tree/palacio_francisco/12_testing3/TurnoTarde/internal/transaccion/repository.go:55.2,55.33 1 1
github.com/extmatperez/meli_bootcamp2/tree/palacio_francisco/12_testing3/TurnoTarde/internal/transaccion/repository.go:60.2,60.76 1 1
github.com/extmatperez/meli_bootcamp2/tree/palacio_francisco/12_testing3/TurnoTarde/internal/transaccion/repository.go:52.16,54.3 1 1
github.com/extmatperez/meli_bootcamp2/tree/palacio_francisco/12_testing3/TurnoTarde/internal/transaccion/repository.go:55.33,56.17 1 1
github.com/extmatperez/meli_bootcamp2/tree/palacio_francisco/12_testing3/TurnoTarde/internal/transaccion/repository.go:56.17,58.4 1 1
github.com/extmatperez/meli_bootcamp2/tree/palacio_francisco/12_testing3/TurnoTarde/internal/transaccion/repository.go:63.115,68.16 3 1
github.com/extmatperez/meli_bootcamp2/tree/palacio_francisco/12_testing3/TurnoTarde/internal/transaccion/repository.go:72.2,76.16 3 1
github.com/extmatperez/meli_bootcamp2/tree/palacio_francisco/12_testing3/TurnoTarde/internal/transaccion/repository.go:80.2,80.18 1 1
github.com/extmatperez/meli_bootcamp2/tree/palacio_francisco/12_testing3/TurnoTarde/internal/transaccion/repository.go:68.16,70.3 1 0
github.com/extmatperez/meli_bootcamp2/tree/palacio_francisco/12_testing3/TurnoTarde/internal/transaccion/repository.go:76.16,78.3 1 1
github.com/extmatperez/meli_bootcamp2/tree/palacio_francisco/12_testing3/TurnoTarde/internal/transaccion/repository.go:83.47,86.16 2 1
github.com/extmatperez/meli_bootcamp2/tree/palacio_francisco/12_testing3/TurnoTarde/internal/transaccion/repository.go:89.2,89.28 1 1
github.com/extmatperez/meli_bootcamp2/tree/palacio_francisco/12_testing3/TurnoTarde/internal/transaccion/repository.go:86.16,88.3 1 1
github.com/extmatperez/meli_bootcamp2/tree/palacio_francisco/12_testing3/TurnoTarde/internal/transaccion/repository.go:89.28,91.3 1 0
github.com/extmatperez/meli_bootcamp2/tree/palacio_francisco/12_testing3/TurnoTarde/internal/transaccion/repository.go:91.8,93.3 1 1
github.com/extmatperez/meli_bootcamp2/tree/palacio_francisco/12_testing3/TurnoTarde/internal/transaccion/repository.go:97.116,101.16 2 1
github.com/extmatperez/meli_bootcamp2/tree/palacio_francisco/12_testing3/TurnoTarde/internal/transaccion/repository.go:105.2,107.33 2 1
github.com/extmatperez/meli_bootcamp2/tree/palacio_francisco/12_testing3/TurnoTarde/internal/transaccion/repository.go:118.2,119.70 2 0
github.com/extmatperez/meli_bootcamp2/tree/palacio_francisco/12_testing3/TurnoTarde/internal/transaccion/repository.go:101.16,103.3 1 1
github.com/extmatperez/meli_bootcamp2/tree/palacio_francisco/12_testing3/TurnoTarde/internal/transaccion/repository.go:107.33,108.22 1 1
github.com/extmatperez/meli_bootcamp2/tree/palacio_francisco/12_testing3/TurnoTarde/internal/transaccion/repository.go:108.22,111.18 3 1
github.com/extmatperez/meli_bootcamp2/tree/palacio_francisco/12_testing3/TurnoTarde/internal/transaccion/repository.go:114.4,114.20 1 1
github.com/extmatperez/meli_bootcamp2/tree/palacio_francisco/12_testing3/TurnoTarde/internal/transaccion/repository.go:111.18,113.5 1 0
github.com/extmatperez/meli_bootcamp2/tree/palacio_francisco/12_testing3/TurnoTarde/internal/transaccion/repository.go:123.97,127.16 2 1
github.com/extmatperez/meli_bootcamp2/tree/palacio_francisco/12_testing3/TurnoTarde/internal/transaccion/repository.go:131.2,131.33 1 1
github.com/extmatperez/meli_bootcamp2/tree/palacio_francisco/12_testing3/TurnoTarde/internal/transaccion/repository.go:143.2,143.70 1 0
github.com/extmatperez/meli_bootcamp2/tree/palacio_francisco/12_testing3/TurnoTarde/internal/transaccion/repository.go:127.16,129.3 1 1
github.com/extmatperez/meli_bootcamp2/tree/palacio_francisco/12_testing3/TurnoTarde/internal/transaccion/repository.go:131.33,132.17 1 1
github.com/extmatperez/meli_bootcamp2/tree/palacio_francisco/12_testing3/TurnoTarde/internal/transaccion/repository.go:132.17,136.18 4 1
github.com/extmatperez/meli_bootcamp2/tree/palacio_francisco/12_testing3/TurnoTarde/internal/transaccion/repository.go:139.4,139.31 1 1
github.com/extmatperez/meli_bootcamp2/tree/palacio_francisco/12_testing3/TurnoTarde/internal/transaccion/repository.go:136.18,138.5 1 0
github.com/extmatperez/meli_bootcamp2/tree/palacio_francisco/12_testing3/TurnoTarde/internal/transaccion/repository.go:147.46,150.16 2 1
github.com/extmatperez/meli_bootcamp2/tree/palacio_francisco/12_testing3/TurnoTarde/internal/transaccion/repository.go:154.2,154.33 1 1
github.com/extmatperez/meli_bootcamp2/tree/palacio_francisco/12_testing3/TurnoTarde/internal/transaccion/repository.go:165.2,165.62 1 1
github.com/extmatperez/meli_bootcamp2/tree/palacio_francisco/12_testing3/TurnoTarde/internal/transaccion/repository.go:150.16,152.3 1 0
github.com/extmatperez/meli_bootcamp2/tree/palacio_francisco/12_testing3/TurnoTarde/internal/transaccion/repository.go:154.33,155.17 1 1
github.com/extmatperez/meli_bootcamp2/tree/palacio_francisco/12_testing3/TurnoTarde/internal/transaccion/repository.go:155.17,158.18 3 1
github.com/extmatperez/meli_bootcamp2/tree/palacio_francisco/12_testing3/TurnoTarde/internal/transaccion/repository.go:161.4,161.14 1 1
github.com/extmatperez/meli_bootcamp2/tree/palacio_francisco/12_testing3/TurnoTarde/internal/transaccion/repository.go:158.18,160.5 1 0
github.com/extmatperez/meli_bootcamp2/tree/palacio_francisco/12_testing3/TurnoTarde/internal/transaccion/repository.go:187.60,189.2 1 1
github.com/extmatperez/meli_bootcamp2/tree/palacio_francisco/12_testing3/TurnoTarde/internal/transaccion/service.go:18.42,20.2 1 1
github.com/extmatperez/meli_bootcamp2/tree/palacio_francisco/12_testing3/TurnoTarde/internal/transaccion/service.go:22.53,26.16 2 1
github.com/extmatperez/meli_bootcamp2/tree/palacio_francisco/12_testing3/TurnoTarde/internal/transaccion/service.go:30.2,30.26 1 1
github.com/extmatperez/meli_bootcamp2/tree/palacio_francisco/12_testing3/TurnoTarde/internal/transaccion/service.go:26.16,28.3 1 1
github.com/extmatperez/meli_bootcamp2/tree/palacio_francisco/12_testing3/TurnoTarde/internal/transaccion/service.go:33.69,37.16 2 1
github.com/extmatperez/meli_bootcamp2/tree/palacio_francisco/12_testing3/TurnoTarde/internal/transaccion/service.go:41.2,41.25 1 1
github.com/extmatperez/meli_bootcamp2/tree/palacio_francisco/12_testing3/TurnoTarde/internal/transaccion/service.go:37.16,39.3 1 1
github.com/extmatperez/meli_bootcamp2/tree/palacio_francisco/12_testing3/TurnoTarde/internal/transaccion/service.go:44.103,48.16 3 1
github.com/extmatperez/meli_bootcamp2/tree/palacio_francisco/12_testing3/TurnoTarde/internal/transaccion/service.go:52.2,56.16 3 1
github.com/extmatperez/meli_bootcamp2/tree/palacio_francisco/12_testing3/TurnoTarde/internal/transaccion/service.go:59.2,59.25 1 1
github.com/extmatperez/meli_bootcamp2/tree/palacio_francisco/12_testing3/TurnoTarde/internal/transaccion/service.go:48.16,50.3 1 1
github.com/extmatperez/meli_bootcamp2/tree/palacio_francisco/12_testing3/TurnoTarde/internal/transaccion/service.go:56.16,58.3 1 1
github.com/extmatperez/meli_bootcamp2/tree/palacio_francisco/12_testing3/TurnoTarde/internal/transaccion/service.go:62.112,66.16 2 1
github.com/extmatperez/meli_bootcamp2/tree/palacio_francisco/12_testing3/TurnoTarde/internal/transaccion/service.go:69.2,69.25 1 1
github.com/extmatperez/meli_bootcamp2/tree/palacio_francisco/12_testing3/TurnoTarde/internal/transaccion/service.go:66.16,68.3 1 1
github.com/extmatperez/meli_bootcamp2/tree/palacio_francisco/12_testing3/TurnoTarde/internal/transaccion/service.go:72.93,76.16 2 1
github.com/extmatperez/meli_bootcamp2/tree/palacio_francisco/12_testing3/TurnoTarde/internal/transaccion/service.go:79.2,79.25 1 1
github.com/extmatperez/meli_bootcamp2/tree/palacio_francisco/12_testing3/TurnoTarde/internal/transaccion/service.go:76.16,78.3 1 1
github.com/extmatperez/meli_bootcamp2/tree/palacio_francisco/12_testing3/TurnoTarde/internal/transaccion/service.go:81.42,85.16 2 1
github.com/extmatperez/meli_bootcamp2/tree/palacio_francisco/12_testing3/TurnoTarde/internal/transaccion/service.go:88.2,88.12 1 1
github.com/extmatperez/meli_bootcamp2/tree/palacio_francisco/12_testing3/TurnoTarde/internal/transaccion/service.go:85.16,87.3 1 1
