mode: set
github.com/extmatperez/meli_bootcamp2/tree/de_bonis_matias/12_testing3/go-web/internal/productos/repository.go:36.47,38.2 1 1
github.com/extmatperez/meli_bootcamp2/tree/de_bonis_matias/12_testing3/go-web/internal/productos/repository.go:40.51,42.16 2 1
github.com/extmatperez/meli_bootcamp2/tree/de_bonis_matias/12_testing3/go-web/internal/productos/repository.go:45.2,45.16 1 1
github.com/extmatperez/meli_bootcamp2/tree/de_bonis_matias/12_testing3/go-web/internal/productos/repository.go:42.16,44.3 1 0
github.com/extmatperez/meli_bootcamp2/tree/de_bonis_matias/12_testing3/go-web/internal/productos/repository.go:48.47,51.16 2 1
github.com/extmatperez/meli_bootcamp2/tree/de_bonis_matias/12_testing3/go-web/internal/productos/repository.go:55.2,55.18 1 1
github.com/extmatperez/meli_bootcamp2/tree/de_bonis_matias/12_testing3/go-web/internal/productos/repository.go:59.2,59.34 1 1
github.com/extmatperez/meli_bootcamp2/tree/de_bonis_matias/12_testing3/go-web/internal/productos/repository.go:51.16,53.3 1 0
github.com/extmatperez/meli_bootcamp2/tree/de_bonis_matias/12_testing3/go-web/internal/productos/repository.go:55.18,57.3 1 0
github.com/extmatperez/meli_bootcamp2/tree/de_bonis_matias/12_testing3/go-web/internal/productos/repository.go:62.141,65.16 3 1
github.com/extmatperez/meli_bootcamp2/tree/de_bonis_matias/12_testing3/go-web/internal/productos/repository.go:68.2,69.16 2 1
github.com/extmatperez/meli_bootcamp2/tree/de_bonis_matias/12_testing3/go-web/internal/productos/repository.go:72.2,75.39 4 1
github.com/extmatperez/meli_bootcamp2/tree/de_bonis_matias/12_testing3/go-web/internal/productos/repository.go:78.2,78.15 1 1
github.com/extmatperez/meli_bootcamp2/tree/de_bonis_matias/12_testing3/go-web/internal/productos/repository.go:65.16,67.3 1 0
github.com/extmatperez/meli_bootcamp2/tree/de_bonis_matias/12_testing3/go-web/internal/productos/repository.go:69.16,71.3 1 0
github.com/extmatperez/meli_bootcamp2/tree/de_bonis_matias/12_testing3/go-web/internal/productos/repository.go:75.39,77.3 1 0
github.com/extmatperez/meli_bootcamp2/tree/de_bonis_matias/12_testing3/go-web/internal/productos/repository.go:81.140,84.16 3 1
github.com/extmatperez/meli_bootcamp2/tree/de_bonis_matias/12_testing3/go-web/internal/productos/repository.go:87.2,87.23 1 1
github.com/extmatperez/meli_bootcamp2/tree/de_bonis_matias/12_testing3/go-web/internal/productos/repository.go:97.2,98.40 2 1
github.com/extmatperez/meli_bootcamp2/tree/de_bonis_matias/12_testing3/go-web/internal/productos/repository.go:84.16,86.3 1 0
github.com/extmatperez/meli_bootcamp2/tree/de_bonis_matias/12_testing3/go-web/internal/productos/repository.go:87.23,88.17 1 1
github.com/extmatperez/meli_bootcamp2/tree/de_bonis_matias/12_testing3/go-web/internal/productos/repository.go:88.17,91.18 3 1
github.com/extmatperez/meli_bootcamp2/tree/de_bonis_matias/12_testing3/go-web/internal/productos/repository.go:94.4,94.21 1 1
github.com/extmatperez/meli_bootcamp2/tree/de_bonis_matias/12_testing3/go-web/internal/productos/repository.go:91.18,93.5 1 0
github.com/extmatperez/meli_bootcamp2/tree/de_bonis_matias/12_testing3/go-web/internal/productos/repository.go:101.43,104.16 3 0
github.com/extmatperez/meli_bootcamp2/tree/de_bonis_matias/12_testing3/go-web/internal/productos/repository.go:107.2,107.23 1 0
github.com/extmatperez/meli_bootcamp2/tree/de_bonis_matias/12_testing3/go-web/internal/productos/repository.go:115.2,115.50 1 0
github.com/extmatperez/meli_bootcamp2/tree/de_bonis_matias/12_testing3/go-web/internal/productos/repository.go:104.16,106.3 1 0
github.com/extmatperez/meli_bootcamp2/tree/de_bonis_matias/12_testing3/go-web/internal/productos/repository.go:107.23,108.17 1 0
github.com/extmatperez/meli_bootcamp2/tree/de_bonis_matias/12_testing3/go-web/internal/productos/repository.go:108.17,113.4 4 0
github.com/extmatperez/meli_bootcamp2/tree/de_bonis_matias/12_testing3/go-web/internal/productos/repository.go:118.78,119.23 1 0
github.com/extmatperez/meli_bootcamp2/tree/de_bonis_matias/12_testing3/go-web/internal/productos/repository.go:130.2,131.40 2 0
github.com/extmatperez/meli_bootcamp2/tree/de_bonis_matias/12_testing3/go-web/internal/productos/repository.go:119.23,120.17 1 0
github.com/extmatperez/meli_bootcamp2/tree/de_bonis_matias/12_testing3/go-web/internal/productos/repository.go:120.17,121.20 1 0
github.com/extmatperez/meli_bootcamp2/tree/de_bonis_matias/12_testing3/go-web/internal/productos/repository.go:124.4,124.20 1 0
github.com/extmatperez/meli_bootcamp2/tree/de_bonis_matias/12_testing3/go-web/internal/productos/repository.go:127.4,127.21 1 0
github.com/extmatperez/meli_bootcamp2/tree/de_bonis_matias/12_testing3/go-web/internal/productos/repository.go:121.20,123.5 1 0
github.com/extmatperez/meli_bootcamp2/tree/de_bonis_matias/12_testing3/go-web/internal/productos/repository.go:124.20,126.5 1 0
github.com/extmatperez/meli_bootcamp2/tree/de_bonis_matias/12_testing3/go-web/internal/productos/service.go:14.39,18.2 1 0
github.com/extmatperez/meli_bootcamp2/tree/de_bonis_matias/12_testing3/go-web/internal/productos/service.go:20.48,22.16 2 0
github.com/extmatperez/meli_bootcamp2/tree/de_bonis_matias/12_testing3/go-web/internal/productos/service.go:26.2,26.16 1 0
github.com/extmatperez/meli_bootcamp2/tree/de_bonis_matias/12_testing3/go-web/internal/productos/service.go:22.16,24.3 1 0
github.com/extmatperez/meli_bootcamp2/tree/de_bonis_matias/12_testing3/go-web/internal/productos/service.go:29.138,31.16 2 0
github.com/extmatperez/meli_bootcamp2/tree/de_bonis_matias/12_testing3/go-web/internal/productos/service.go:35.2,38.16 3 0
github.com/extmatperez/meli_bootcamp2/tree/de_bonis_matias/12_testing3/go-web/internal/productos/service.go:42.2,42.22 1 0
github.com/extmatperez/meli_bootcamp2/tree/de_bonis_matias/12_testing3/go-web/internal/productos/service.go:31.16,33.3 1 0
github.com/extmatperez/meli_bootcamp2/tree/de_bonis_matias/12_testing3/go-web/internal/productos/service.go:38.16,40.3 1 0
github.com/extmatperez/meli_bootcamp2/tree/de_bonis_matias/12_testing3/go-web/internal/productos/service.go:45.137,47.16 2 0
github.com/extmatperez/meli_bootcamp2/tree/de_bonis_matias/12_testing3/go-web/internal/productos/service.go:50.2,50.29 1 0
github.com/extmatperez/meli_bootcamp2/tree/de_bonis_matias/12_testing3/go-web/internal/productos/service.go:47.16,49.3 1 0
github.com/extmatperez/meli_bootcamp2/tree/de_bonis_matias/12_testing3/go-web/internal/productos/service.go:53.40,55.16 2 0
github.com/extmatperez/meli_bootcamp2/tree/de_bonis_matias/12_testing3/go-web/internal/productos/service.go:58.2,58.12 1 0
github.com/extmatperez/meli_bootcamp2/tree/de_bonis_matias/12_testing3/go-web/internal/productos/service.go:55.16,57.3 1 0
github.com/extmatperez/meli_bootcamp2/tree/de_bonis_matias/12_testing3/go-web/internal/productos/service.go:61.75,63.16 2 0
github.com/extmatperez/meli_bootcamp2/tree/de_bonis_matias/12_testing3/go-web/internal/productos/service.go:66.2,66.21 1 0
github.com/extmatperez/meli_bootcamp2/tree/de_bonis_matias/12_testing3/go-web/internal/productos/service.go:63.16,65.3 1 0
