mode: set
github.com/extmatperez/meli_bootcamp2/17_storage1/internal/product/repository.go:19.33,21.2 1 1
github.com/extmatperez/meli_bootcamp2/17_storage1/internal/product/repository.go:34.76,38.16 3 1
github.com/extmatperez/meli_bootcamp2/17_storage1/internal/product/repository.go:42.2,44.18 2 1
github.com/extmatperez/meli_bootcamp2/17_storage1/internal/product/repository.go:53.2,53.22 1 1
github.com/extmatperez/meli_bootcamp2/17_storage1/internal/product/repository.go:38.16,40.3 1 0
github.com/extmatperez/meli_bootcamp2/17_storage1/internal/product/repository.go:44.18,46.112 2 1
github.com/extmatperez/meli_bootcamp2/17_storage1/internal/product/repository.go:50.3,50.42 1 1
github.com/extmatperez/meli_bootcamp2/17_storage1/internal/product/repository.go:46.112,48.4 1 0
github.com/extmatperez/meli_bootcamp2/17_storage1/internal/product/repository.go:56.79,62.16 4 1
github.com/extmatperez/meli_bootcamp2/17_storage1/internal/product/repository.go:66.2,66.21 1 1
github.com/extmatperez/meli_bootcamp2/17_storage1/internal/product/repository.go:62.16,64.3 1 0
github.com/extmatperez/meli_bootcamp2/17_storage1/internal/product/repository.go:69.92,73.16 3 1
github.com/extmatperez/meli_bootcamp2/17_storage1/internal/product/repository.go:77.2,79.18 2 1
github.com/extmatperez/meli_bootcamp2/17_storage1/internal/product/repository.go:88.2,88.22 1 1
github.com/extmatperez/meli_bootcamp2/17_storage1/internal/product/repository.go:73.16,75.3 1 0
github.com/extmatperez/meli_bootcamp2/17_storage1/internal/product/repository.go:79.18,81.112 2 1
github.com/extmatperez/meli_bootcamp2/17_storage1/internal/product/repository.go:85.3,85.42 1 1
github.com/extmatperez/meli_bootcamp2/17_storage1/internal/product/repository.go:81.112,83.4 1 0
github.com/extmatperez/meli_bootcamp2/17_storage1/internal/product/repository.go:91.97,95.16 3 1
github.com/extmatperez/meli_bootcamp2/17_storage1/internal/product/repository.go:99.2,102.16 3 1
github.com/extmatperez/meli_bootcamp2/17_storage1/internal/product/repository.go:106.2,107.16 2 1
github.com/extmatperez/meli_bootcamp2/17_storage1/internal/product/repository.go:111.2,113.21 2 1
github.com/extmatperez/meli_bootcamp2/17_storage1/internal/product/repository.go:95.16,97.3 1 0
github.com/extmatperez/meli_bootcamp2/17_storage1/internal/product/repository.go:102.16,104.3 1 0
github.com/extmatperez/meli_bootcamp2/17_storage1/internal/product/repository.go:107.16,109.3 1 0
github.com/extmatperez/meli_bootcamp2/17_storage1/internal/product/repository.go:116.98,120.16 3 1
github.com/extmatperez/meli_bootcamp2/17_storage1/internal/product/repository.go:124.2,127.16 3 1
github.com/extmatperez/meli_bootcamp2/17_storage1/internal/product/repository.go:131.2,132.37 2 1
github.com/extmatperez/meli_bootcamp2/17_storage1/internal/product/repository.go:136.2,136.21 1 1
github.com/extmatperez/meli_bootcamp2/17_storage1/internal/product/repository.go:120.16,122.3 1 0
github.com/extmatperez/meli_bootcamp2/17_storage1/internal/product/repository.go:127.16,129.3 1 0
github.com/extmatperez/meli_bootcamp2/17_storage1/internal/product/repository.go:132.37,134.3 1 0
github.com/extmatperez/meli_bootcamp2/17_storage1/internal/product/repository.go:139.64,143.16 3 1
github.com/extmatperez/meli_bootcamp2/17_storage1/internal/product/repository.go:147.2,150.16 3 1
github.com/extmatperez/meli_bootcamp2/17_storage1/internal/product/repository.go:154.2,155.37 2 1
github.com/extmatperez/meli_bootcamp2/17_storage1/internal/product/repository.go:159.2,159.12 1 1
github.com/extmatperez/meli_bootcamp2/17_storage1/internal/product/repository.go:143.16,145.3 1 0
github.com/extmatperez/meli_bootcamp2/17_storage1/internal/product/repository.go:150.16,152.3 1 0
github.com/extmatperez/meli_bootcamp2/17_storage1/internal/product/repository.go:155.37,157.3 1 0
github.com/extmatperez/meli_bootcamp2/17_storage1/internal/product/service.go:18.48,20.2 1 1
github.com/extmatperez/meli_bootcamp2/17_storage1/internal/product/service.go:26.73,29.16 2 1
github.com/extmatperez/meli_bootcamp2/17_storage1/internal/product/service.go:33.2,33.21 1 1
github.com/extmatperez/meli_bootcamp2/17_storage1/internal/product/service.go:29.16,31.3 1 0
github.com/extmatperez/meli_bootcamp2/17_storage1/internal/product/service.go:36.76,39.16 2 1
github.com/extmatperez/meli_bootcamp2/17_storage1/internal/product/service.go:43.2,43.21 1 1
github.com/extmatperez/meli_bootcamp2/17_storage1/internal/product/service.go:39.16,41.3 1 0
github.com/extmatperez/meli_bootcamp2/17_storage1/internal/product/service.go:46.89,49.16 2 1
github.com/extmatperez/meli_bootcamp2/17_storage1/internal/product/service.go:53.2,53.22 1 1
github.com/extmatperez/meli_bootcamp2/17_storage1/internal/product/service.go:49.16,51.3 1 0
github.com/extmatperez/meli_bootcamp2/17_storage1/internal/product/service.go:56.118,65.16 3 1
github.com/extmatperez/meli_bootcamp2/17_storage1/internal/product/service.go:69.2,69.21 1 1
github.com/extmatperez/meli_bootcamp2/17_storage1/internal/product/service.go:65.16,67.3 1 0
github.com/extmatperez/meli_bootcamp2/17_storage1/internal/product/service.go:72.127,82.16 3 1
github.com/extmatperez/meli_bootcamp2/17_storage1/internal/product/service.go:86.2,86.21 1 1
github.com/extmatperez/meli_bootcamp2/17_storage1/internal/product/service.go:82.16,84.3 1 0
github.com/extmatperez/meli_bootcamp2/17_storage1/internal/product/service.go:89.61,91.2 1 1
