mode: set
github.com/extmatperez/meli_bootcamp2/12_testing3/morning/go-web/internal/productos/repository.go:33.47,35.2 1 1
github.com/extmatperez/meli_bootcamp2/12_testing3/morning/go-web/internal/productos/repository.go:37.54,42.16 3 1
github.com/extmatperez/meli_bootcamp2/12_testing3/morning/go-web/internal/productos/repository.go:45.2,45.23 1 1
github.com/extmatperez/meli_bootcamp2/12_testing3/morning/go-web/internal/productos/repository.go:42.16,44.3 1 1
github.com/extmatperez/meli_bootcamp2/12_testing3/morning/go-web/internal/productos/repository.go:48.47,51.49 2 1
github.com/extmatperez/meli_bootcamp2/12_testing3/morning/go-web/internal/productos/repository.go:54.2,54.25 1 1
github.com/extmatperez/meli_bootcamp2/12_testing3/morning/go-web/internal/productos/repository.go:57.2,57.44 1 1
github.com/extmatperez/meli_bootcamp2/12_testing3/morning/go-web/internal/productos/repository.go:51.49,53.3 1 0
github.com/extmatperez/meli_bootcamp2/12_testing3/morning/go-web/internal/productos/repository.go:54.25,56.3 1 0
github.com/extmatperez/meli_bootcamp2/12_testing3/morning/go-web/internal/productos/repository.go:60.159,65.16 3 1
github.com/extmatperez/meli_bootcamp2/12_testing3/morning/go-web/internal/productos/repository.go:68.2,71.49 3 1
github.com/extmatperez/meli_bootcamp2/12_testing3/morning/go-web/internal/productos/repository.go:74.2,74.18 1 1
github.com/extmatperez/meli_bootcamp2/12_testing3/morning/go-web/internal/productos/repository.go:65.16,67.3 1 0
github.com/extmatperez/meli_bootcamp2/12_testing3/morning/go-web/internal/productos/repository.go:71.49,73.3 1 0
github.com/extmatperez/meli_bootcamp2/12_testing3/morning/go-web/internal/productos/repository.go:77.160,81.16 3 1
github.com/extmatperez/meli_bootcamp2/12_testing3/morning/go-web/internal/productos/repository.go:85.2,87.30 2 1
github.com/extmatperez/meli_bootcamp2/12_testing3/morning/go-web/internal/productos/repository.go:96.2,96.75 1 0
github.com/extmatperez/meli_bootcamp2/12_testing3/morning/go-web/internal/productos/repository.go:81.16,83.3 1 0
github.com/extmatperez/meli_bootcamp2/12_testing3/morning/go-web/internal/productos/repository.go:87.30,88.17 1 1
github.com/extmatperez/meli_bootcamp2/12_testing3/morning/go-web/internal/productos/repository.go:88.17,90.51 2 1
github.com/extmatperez/meli_bootcamp2/12_testing3/morning/go-web/internal/productos/repository.go:93.4,93.20 1 1
github.com/extmatperez/meli_bootcamp2/12_testing3/morning/go-web/internal/productos/repository.go:90.51,92.5 1 0
github.com/extmatperez/meli_bootcamp2/12_testing3/morning/go-web/internal/productos/repository.go:99.77,104.16 3 0
github.com/extmatperez/meli_bootcamp2/12_testing3/morning/go-web/internal/productos/repository.go:107.2,107.30 1 0
github.com/extmatperez/meli_bootcamp2/12_testing3/morning/go-web/internal/productos/repository.go:116.2,116.75 1 0
github.com/extmatperez/meli_bootcamp2/12_testing3/morning/go-web/internal/productos/repository.go:104.16,106.3 1 0
github.com/extmatperez/meli_bootcamp2/12_testing3/morning/go-web/internal/productos/repository.go:107.30,108.17 1 0
github.com/extmatperez/meli_bootcamp2/12_testing3/morning/go-web/internal/productos/repository.go:108.17,110.51 2 0
github.com/extmatperez/meli_bootcamp2/12_testing3/morning/go-web/internal/productos/repository.go:113.4,113.28 1 0
github.com/extmatperez/meli_bootcamp2/12_testing3/morning/go-web/internal/productos/repository.go:110.51,112.5 1 0
github.com/extmatperez/meli_bootcamp2/12_testing3/morning/go-web/internal/productos/repository.go:119.56,123.16 3 1
github.com/extmatperez/meli_bootcamp2/12_testing3/morning/go-web/internal/productos/repository.go:127.2,127.30 1 1
github.com/extmatperez/meli_bootcamp2/12_testing3/morning/go-web/internal/productos/repository.go:136.2,136.67 1 1
github.com/extmatperez/meli_bootcamp2/12_testing3/morning/go-web/internal/productos/repository.go:123.16,125.3 1 0
github.com/extmatperez/meli_bootcamp2/12_testing3/morning/go-web/internal/productos/repository.go:127.30,128.17 1 1
github.com/extmatperez/meli_bootcamp2/12_testing3/morning/go-web/internal/productos/repository.go:128.17,130.51 2 1
github.com/extmatperez/meli_bootcamp2/12_testing3/morning/go-web/internal/productos/repository.go:133.4,133.36 1 1
github.com/extmatperez/meli_bootcamp2/12_testing3/morning/go-web/internal/productos/repository.go:130.51,132.5 1 0
github.com/extmatperez/meli_bootcamp2/12_testing3/morning/go-web/internal/productos/service.go:15.48,17.2 1 1
github.com/extmatperez/meli_bootcamp2/12_testing3/morning/go-web/internal/productos/service.go:19.50,21.2 1 1
github.com/extmatperez/meli_bootcamp2/12_testing3/morning/go-web/internal/productos/service.go:23.154,27.16 2 1
github.com/extmatperez/meli_bootcamp2/12_testing3/morning/go-web/internal/productos/service.go:31.2,31.99 1 1
github.com/extmatperez/meli_bootcamp2/12_testing3/morning/go-web/internal/productos/service.go:27.16,29.3 1 0
github.com/extmatperez/meli_bootcamp2/12_testing3/morning/go-web/internal/productos/service.go:34.163,37.2 1 1
github.com/extmatperez/meli_bootcamp2/12_testing3/morning/go-web/internal/productos/service.go:39.73,41.2 1 0
github.com/extmatperez/meli_bootcamp2/12_testing3/morning/go-web/internal/productos/service.go:42.52,44.2 1 1
