mode: set
github.com/extmatperez/meli_bootcamp2/tree/arevalo_ivan/11_testing2/go_web/internal/transaction/repository.go:35.47,37.2 1 1
github.com/extmatperez/meli_bootcamp2/tree/arevalo_ivan/11_testing2/go_web/internal/transaction/repository.go:39.57,42.16 2 1
github.com/extmatperez/meli_bootcamp2/tree/arevalo_ivan/11_testing2/go_web/internal/transaction/repository.go:45.2,45.26 1 1
github.com/extmatperez/meli_bootcamp2/tree/arevalo_ivan/11_testing2/go_web/internal/transaction/repository.go:42.16,44.3 1 0
github.com/extmatperez/meli_bootcamp2/tree/arevalo_ivan/11_testing2/go_web/internal/transaction/repository.go:48.143,57.16 5 1
github.com/extmatperez/meli_bootcamp2/tree/arevalo_ivan/11_testing2/go_web/internal/transaction/repository.go:61.2,61.19 1 1
github.com/extmatperez/meli_bootcamp2/tree/arevalo_ivan/11_testing2/go_web/internal/transaction/repository.go:57.16,59.3 1 0
github.com/extmatperez/meli_bootcamp2/tree/arevalo_ivan/11_testing2/go_web/internal/transaction/repository.go:64.47,68.16 2 1
github.com/extmatperez/meli_bootcamp2/tree/arevalo_ivan/11_testing2/go_web/internal/transaction/repository.go:72.2,72.28 1 1
github.com/extmatperez/meli_bootcamp2/tree/arevalo_ivan/11_testing2/go_web/internal/transaction/repository.go:75.2,75.50 1 1
github.com/extmatperez/meli_bootcamp2/tree/arevalo_ivan/11_testing2/go_web/internal/transaction/repository.go:68.16,70.3 1 0
github.com/extmatperez/meli_bootcamp2/tree/arevalo_ivan/11_testing2/go_web/internal/transaction/repository.go:72.28,74.3 1 0
github.com/extmatperez/meli_bootcamp2/tree/arevalo_ivan/11_testing2/go_web/internal/transaction/repository.go:78.144,82.16 2 1
github.com/extmatperez/meli_bootcamp2/tree/arevalo_ivan/11_testing2/go_web/internal/transaction/repository.go:86.2,87.33 2 1
github.com/extmatperez/meli_bootcamp2/tree/arevalo_ivan/11_testing2/go_web/internal/transaction/repository.go:97.2,97.70 1 1
github.com/extmatperez/meli_bootcamp2/tree/arevalo_ivan/11_testing2/go_web/internal/transaction/repository.go:82.16,84.3 1 0
github.com/extmatperez/meli_bootcamp2/tree/arevalo_ivan/11_testing2/go_web/internal/transaction/repository.go:87.33,88.17 1 1
github.com/extmatperez/meli_bootcamp2/tree/arevalo_ivan/11_testing2/go_web/internal/transaction/repository.go:88.17,91.18 3 1
github.com/extmatperez/meli_bootcamp2/tree/arevalo_ivan/11_testing2/go_web/internal/transaction/repository.go:94.4,94.21 1 1
github.com/extmatperez/meli_bootcamp2/tree/arevalo_ivan/11_testing2/go_web/internal/transaction/repository.go:91.18,93.5 1 0
github.com/extmatperez/meli_bootcamp2/tree/arevalo_ivan/11_testing2/go_web/internal/transaction/repository.go:101.86,105.16 2 1
github.com/extmatperez/meli_bootcamp2/tree/arevalo_ivan/11_testing2/go_web/internal/transaction/repository.go:108.2,108.33 1 1
github.com/extmatperez/meli_bootcamp2/tree/arevalo_ivan/11_testing2/go_web/internal/transaction/repository.go:118.2,118.70 1 1
github.com/extmatperez/meli_bootcamp2/tree/arevalo_ivan/11_testing2/go_web/internal/transaction/repository.go:105.16,107.3 1 0
github.com/extmatperez/meli_bootcamp2/tree/arevalo_ivan/11_testing2/go_web/internal/transaction/repository.go:108.33,109.17 1 1
github.com/extmatperez/meli_bootcamp2/tree/arevalo_ivan/11_testing2/go_web/internal/transaction/repository.go:109.17,112.18 3 1
github.com/extmatperez/meli_bootcamp2/tree/arevalo_ivan/11_testing2/go_web/internal/transaction/repository.go:115.4,115.31 1 1
github.com/extmatperez/meli_bootcamp2/tree/arevalo_ivan/11_testing2/go_web/internal/transaction/repository.go:112.18,114.5 1 0
github.com/extmatperez/meli_bootcamp2/tree/arevalo_ivan/11_testing2/go_web/internal/transaction/repository.go:122.46,126.16 2 1
github.com/extmatperez/meli_bootcamp2/tree/arevalo_ivan/11_testing2/go_web/internal/transaction/repository.go:130.2,131.33 2 1
github.com/extmatperez/meli_bootcamp2/tree/arevalo_ivan/11_testing2/go_web/internal/transaction/repository.go:139.2,139.55 1 1
github.com/extmatperez/meli_bootcamp2/tree/arevalo_ivan/11_testing2/go_web/internal/transaction/repository.go:126.16,128.3 1 0
github.com/extmatperez/meli_bootcamp2/tree/arevalo_ivan/11_testing2/go_web/internal/transaction/repository.go:131.33,132.17 1 1
github.com/extmatperez/meli_bootcamp2/tree/arevalo_ivan/11_testing2/go_web/internal/transaction/repository.go:132.17,137.4 4 1
github.com/extmatperez/meli_bootcamp2/tree/arevalo_ivan/11_testing2/go_web/internal/transaction/service.go:15.48,17.2 1 1
github.com/extmatperez/meli_bootcamp2/tree/arevalo_ivan/11_testing2/go_web/internal/transaction/service.go:19.53,21.16 2 1
github.com/extmatperez/meli_bootcamp2/tree/arevalo_ivan/11_testing2/go_web/internal/transaction/service.go:24.2,24.25 1 1
github.com/extmatperez/meli_bootcamp2/tree/arevalo_ivan/11_testing2/go_web/internal/transaction/service.go:21.16,23.3 1 0
github.com/extmatperez/meli_bootcamp2/tree/arevalo_ivan/11_testing2/go_web/internal/transaction/service.go:27.131,30.16 2 1
github.com/extmatperez/meli_bootcamp2/tree/arevalo_ivan/11_testing2/go_web/internal/transaction/service.go:34.2,36.16 2 1
github.com/extmatperez/meli_bootcamp2/tree/arevalo_ivan/11_testing2/go_web/internal/transaction/service.go:40.2,40.19 1 1
github.com/extmatperez/meli_bootcamp2/tree/arevalo_ivan/11_testing2/go_web/internal/transaction/service.go:30.16,32.3 1 0
github.com/extmatperez/meli_bootcamp2/tree/arevalo_ivan/11_testing2/go_web/internal/transaction/service.go:36.16,38.3 1 0
github.com/extmatperez/meli_bootcamp2/tree/arevalo_ivan/11_testing2/go_web/internal/transaction/service.go:43.140,45.2 1 1
github.com/extmatperez/meli_bootcamp2/tree/arevalo_ivan/11_testing2/go_web/internal/transaction/service.go:47.80,49.2 1 1
github.com/extmatperez/meli_bootcamp2/tree/arevalo_ivan/11_testing2/go_web/internal/transaction/service.go:51.42,53.2 1 1
