mode: set
github.com/extmatperez/meli_bootcamp2/tree/vega_rodrigo/hackaton/internal/customers/repository.go:25.79,27.2 1 1
github.com/extmatperez/meli_bootcamp2/tree/vega_rodrigo/hackaton/internal/customers/repository.go:29.58,31.16 2 1
github.com/extmatperez/meli_bootcamp2/tree/vega_rodrigo/hackaton/internal/customers/repository.go:35.2,35.44 1 1
github.com/extmatperez/meli_bootcamp2/tree/vega_rodrigo/hackaton/internal/customers/repository.go:56.2,56.12 1 0
github.com/extmatperez/meli_bootcamp2/tree/vega_rodrigo/hackaton/internal/customers/repository.go:31.16,33.3 1 0
github.com/extmatperez/meli_bootcamp2/tree/vega_rodrigo/hackaton/internal/customers/repository.go:35.44,45.17 9 1
github.com/extmatperez/meli_bootcamp2/tree/vega_rodrigo/hackaton/internal/customers/repository.go:48.3,52.17 3 1
github.com/extmatperez/meli_bootcamp2/tree/vega_rodrigo/hackaton/internal/customers/repository.go:45.17,47.4 1 0
github.com/extmatperez/meli_bootcamp2/tree/vega_rodrigo/hackaton/internal/customers/repository.go:52.17,54.4 1 1
github.com/extmatperez/meli_bootcamp2/tree/vega_rodrigo/hackaton/internal/customers/repository.go:59.96,64.16 5 1
github.com/extmatperez/meli_bootcamp2/tree/vega_rodrigo/hackaton/internal/customers/repository.go:67.2,69.22 2 1
github.com/extmatperez/meli_bootcamp2/tree/vega_rodrigo/hackaton/internal/customers/repository.go:87.2,89.22 3 1
github.com/extmatperez/meli_bootcamp2/tree/vega_rodrigo/hackaton/internal/customers/repository.go:64.16,66.3 1 0
github.com/extmatperez/meli_bootcamp2/tree/vega_rodrigo/hackaton/internal/customers/repository.go:69.22,71.17 2 1
github.com/extmatperez/meli_bootcamp2/tree/vega_rodrigo/hackaton/internal/customers/repository.go:71.17,73.4 1 0
github.com/extmatperez/meli_bootcamp2/tree/vega_rodrigo/hackaton/internal/customers/repository.go:74.8,77.17 3 1
github.com/extmatperez/meli_bootcamp2/tree/vega_rodrigo/hackaton/internal/customers/repository.go:80.3,82.17 3 1
github.com/extmatperez/meli_bootcamp2/tree/vega_rodrigo/hackaton/internal/customers/repository.go:77.17,79.4 1 0
github.com/extmatperez/meli_bootcamp2/tree/vega_rodrigo/hackaton/internal/customers/repository.go:82.17,84.4 1 1
github.com/extmatperez/meli_bootcamp2/tree/vega_rodrigo/hackaton/internal/customers/repository.go:92.97,96.16 4 1
github.com/extmatperez/meli_bootcamp2/tree/vega_rodrigo/hackaton/internal/customers/repository.go:99.2,101.16 3 1
github.com/extmatperez/meli_bootcamp2/tree/vega_rodrigo/hackaton/internal/customers/repository.go:104.2,105.22 2 1
github.com/extmatperez/meli_bootcamp2/tree/vega_rodrigo/hackaton/internal/customers/repository.go:108.2,108.22 1 1
github.com/extmatperez/meli_bootcamp2/tree/vega_rodrigo/hackaton/internal/customers/repository.go:96.16,98.3 1 0
github.com/extmatperez/meli_bootcamp2/tree/vega_rodrigo/hackaton/internal/customers/repository.go:101.16,103.3 1 0
github.com/extmatperez/meli_bootcamp2/tree/vega_rodrigo/hackaton/internal/customers/repository.go:105.22,107.3 1 1
github.com/extmatperez/meli_bootcamp2/tree/vega_rodrigo/hackaton/internal/customers/service.go:15.66,17.2 1 1
github.com/extmatperez/meli_bootcamp2/tree/vega_rodrigo/hackaton/internal/customers/service.go:19.55,21.2 1 1
github.com/extmatperez/meli_bootcamp2/tree/vega_rodrigo/hackaton/internal/customers/service.go:23.106,32.16 3 1
github.com/extmatperez/meli_bootcamp2/tree/vega_rodrigo/hackaton/internal/customers/service.go:36.2,36.15 1 1
github.com/extmatperez/meli_bootcamp2/tree/vega_rodrigo/hackaton/internal/customers/service.go:32.16,34.3 1 0
github.com/extmatperez/meli_bootcamp2/tree/vega_rodrigo/hackaton/internal/customers/service.go:39.94,41.2 1 1
