mode: set
github.com/extmatperez/meli_bootcamp2/18_storage2/TT/proyecto/internal/productos/repository.go:36.47,38.2 1 1
github.com/extmatperez/meli_bootcamp2/18_storage2/TT/proyecto/internal/productos/repository.go:40.51,44.16 2 1
github.com/extmatperez/meli_bootcamp2/18_storage2/TT/proyecto/internal/productos/repository.go:48.2,48.23 1 1
github.com/extmatperez/meli_bootcamp2/18_storage2/TT/proyecto/internal/productos/repository.go:44.16,46.3 1 1
github.com/extmatperez/meli_bootcamp2/18_storage2/TT/proyecto/internal/productos/repository.go:51.162,55.16 2 1
github.com/extmatperez/meli_bootcamp2/18_storage2/TT/proyecto/internal/productos/repository.go:59.2,65.16 4 1
github.com/extmatperez/meli_bootcamp2/18_storage2/TT/proyecto/internal/productos/repository.go:69.2,69.27 1 1
github.com/extmatperez/meli_bootcamp2/18_storage2/TT/proyecto/internal/productos/repository.go:55.16,57.3 1 0
github.com/extmatperez/meli_bootcamp2/18_storage2/TT/proyecto/internal/productos/repository.go:65.16,67.3 1 0
github.com/extmatperez/meli_bootcamp2/18_storage2/TT/proyecto/internal/productos/repository.go:72.44,76.16 2 1
github.com/extmatperez/meli_bootcamp2/18_storage2/TT/proyecto/internal/productos/repository.go:80.2,80.25 1 1
github.com/extmatperez/meli_bootcamp2/18_storage2/TT/proyecto/internal/productos/repository.go:84.2,86.20 2 1
github.com/extmatperez/meli_bootcamp2/18_storage2/TT/proyecto/internal/productos/repository.go:76.16,78.3 1 1
github.com/extmatperez/meli_bootcamp2/18_storage2/TT/proyecto/internal/productos/repository.go:80.25,82.3 1 0
github.com/extmatperez/meli_bootcamp2/18_storage2/TT/proyecto/internal/productos/repository.go:89.163,93.16 2 1
github.com/extmatperez/meli_bootcamp2/18_storage2/TT/proyecto/internal/productos/repository.go:97.2,99.30 2 1
github.com/extmatperez/meli_bootcamp2/18_storage2/TT/proyecto/internal/productos/repository.go:113.2,113.63 1 1
github.com/extmatperez/meli_bootcamp2/18_storage2/TT/proyecto/internal/productos/repository.go:93.16,95.3 1 0
github.com/extmatperez/meli_bootcamp2/18_storage2/TT/proyecto/internal/productos/repository.go:99.30,100.17 1 1
github.com/extmatperez/meli_bootcamp2/18_storage2/TT/proyecto/internal/productos/repository.go:100.17,105.18 3 1
github.com/extmatperez/meli_bootcamp2/18_storage2/TT/proyecto/internal/productos/repository.go:109.4,109.35 1 1
github.com/extmatperez/meli_bootcamp2/18_storage2/TT/proyecto/internal/productos/repository.go:105.18,107.5 1 0
github.com/extmatperez/meli_bootcamp2/18_storage2/TT/proyecto/internal/productos/repository.go:116.43,120.16 2 1
github.com/extmatperez/meli_bootcamp2/18_storage2/TT/proyecto/internal/productos/repository.go:124.2,126.30 2 1
github.com/extmatperez/meli_bootcamp2/18_storage2/TT/proyecto/internal/productos/repository.go:143.2,143.51 1 1
github.com/extmatperez/meli_bootcamp2/18_storage2/TT/proyecto/internal/productos/repository.go:120.16,122.3 1 0
github.com/extmatperez/meli_bootcamp2/18_storage2/TT/proyecto/internal/productos/repository.go:126.30,128.17 1 1
github.com/extmatperez/meli_bootcamp2/18_storage2/TT/proyecto/internal/productos/repository.go:128.17,134.18 4 1
github.com/extmatperez/meli_bootcamp2/18_storage2/TT/proyecto/internal/productos/repository.go:138.4,138.14 1 1
github.com/extmatperez/meli_bootcamp2/18_storage2/TT/proyecto/internal/productos/repository.go:134.18,136.5 1 0
github.com/extmatperez/meli_bootcamp2/18_storage2/TT/proyecto/internal/productos/repository.go:146.97,150.16 2 1
github.com/extmatperez/meli_bootcamp2/18_storage2/TT/proyecto/internal/productos/repository.go:154.2,154.30 1 1
github.com/extmatperez/meli_bootcamp2/18_storage2/TT/proyecto/internal/productos/repository.go:170.2,170.63 1 1
github.com/extmatperez/meli_bootcamp2/18_storage2/TT/proyecto/internal/productos/repository.go:150.16,152.3 1 0
github.com/extmatperez/meli_bootcamp2/18_storage2/TT/proyecto/internal/productos/repository.go:154.30,156.17 1 1
github.com/extmatperez/meli_bootcamp2/18_storage2/TT/proyecto/internal/productos/repository.go:156.17,162.18 4 1
github.com/extmatperez/meli_bootcamp2/18_storage2/TT/proyecto/internal/productos/repository.go:166.4,166.28 1 1
github.com/extmatperez/meli_bootcamp2/18_storage2/TT/proyecto/internal/productos/repository.go:162.18,164.5 1 0
github.com/extmatperez/meli_bootcamp2/18_storage2/TT/proyecto/internal/productos/repositorySQL.go:35.39,37.2 1 1
github.com/extmatperez/meli_bootcamp2/18_storage2/TT/proyecto/internal/productos/repositorySQL.go:39.87,44.16 3 1
github.com/extmatperez/meli_bootcamp2/18_storage2/TT/proyecto/internal/productos/repositorySQL.go:48.2,52.16 3 1
github.com/extmatperez/meli_bootcamp2/18_storage2/TT/proyecto/internal/productos/repositorySQL.go:56.2,60.27 3 1
github.com/extmatperez/meli_bootcamp2/18_storage2/TT/proyecto/internal/productos/repositorySQL.go:44.16,46.3 1 0
github.com/extmatperez/meli_bootcamp2/18_storage2/TT/proyecto/internal/productos/repositorySQL.go:52.16,54.3 1 0
github.com/extmatperez/meli_bootcamp2/18_storage2/TT/proyecto/internal/productos/repositorySQL.go:63.61,68.16 3 1
github.com/extmatperez/meli_bootcamp2/18_storage2/TT/proyecto/internal/productos/repositorySQL.go:73.2,76.18 3 1
github.com/extmatperez/meli_bootcamp2/18_storage2/TT/proyecto/internal/productos/repositorySQL.go:87.2,87.23 1 1
github.com/extmatperez/meli_bootcamp2/18_storage2/TT/proyecto/internal/productos/repositorySQL.go:68.16,71.3 2 0
github.com/extmatperez/meli_bootcamp2/18_storage2/TT/proyecto/internal/productos/repositorySQL.go:76.18,79.17 2 1
github.com/extmatperez/meli_bootcamp2/18_storage2/TT/proyecto/internal/productos/repositorySQL.go:84.3,84.47 1 1
github.com/extmatperez/meli_bootcamp2/18_storage2/TT/proyecto/internal/productos/repositorySQL.go:79.17,82.4 2 0
github.com/extmatperez/meli_bootcamp2/18_storage2/TT/proyecto/internal/productos/repositorySQL.go:90.62,95.16 3 1
github.com/extmatperez/meli_bootcamp2/18_storage2/TT/proyecto/internal/productos/repositorySQL.go:100.2,102.18 2 1
github.com/extmatperez/meli_bootcamp2/18_storage2/TT/proyecto/internal/productos/repositorySQL.go:111.2,111.27 1 1
github.com/extmatperez/meli_bootcamp2/18_storage2/TT/proyecto/internal/productos/repositorySQL.go:95.16,98.3 2 0
github.com/extmatperez/meli_bootcamp2/18_storage2/TT/proyecto/internal/productos/repositorySQL.go:102.18,105.17 2 1
github.com/extmatperez/meli_bootcamp2/18_storage2/TT/proyecto/internal/productos/repositorySQL.go:105.17,108.4 2 0
github.com/extmatperez/meli_bootcamp2/18_storage2/TT/proyecto/internal/productos/repositorySQL.go:114.77,119.16 3 1
github.com/extmatperez/meli_bootcamp2/18_storage2/TT/proyecto/internal/productos/repositorySQL.go:124.2,127.18 3 1
github.com/extmatperez/meli_bootcamp2/18_storage2/TT/proyecto/internal/productos/repositorySQL.go:138.2,138.23 1 1
github.com/extmatperez/meli_bootcamp2/18_storage2/TT/proyecto/internal/productos/repositorySQL.go:119.16,122.3 2 0
github.com/extmatperez/meli_bootcamp2/18_storage2/TT/proyecto/internal/productos/repositorySQL.go:127.18,130.17 2 1
github.com/extmatperez/meli_bootcamp2/18_storage2/TT/proyecto/internal/productos/repositorySQL.go:135.3,135.47 1 1
github.com/extmatperez/meli_bootcamp2/18_storage2/TT/proyecto/internal/productos/repositorySQL.go:130.17,133.4 2 0
github.com/extmatperez/meli_bootcamp2/18_storage2/TT/proyecto/internal/productos/repositorySQL.go:141.91,146.16 3 1
github.com/extmatperez/meli_bootcamp2/18_storage2/TT/proyecto/internal/productos/repositorySQL.go:150.2,156.16 4 1
github.com/extmatperez/meli_bootcamp2/18_storage2/TT/proyecto/internal/productos/repositorySQL.go:160.2,162.16 2 1
github.com/extmatperez/meli_bootcamp2/18_storage2/TT/proyecto/internal/productos/repositorySQL.go:166.2,166.23 1 1
github.com/extmatperez/meli_bootcamp2/18_storage2/TT/proyecto/internal/productos/repositorySQL.go:170.2,170.30 1 1
github.com/extmatperez/meli_bootcamp2/18_storage2/TT/proyecto/internal/productos/repositorySQL.go:146.16,148.3 1 0
github.com/extmatperez/meli_bootcamp2/18_storage2/TT/proyecto/internal/productos/repositorySQL.go:156.16,158.3 1 0
github.com/extmatperez/meli_bootcamp2/18_storage2/TT/proyecto/internal/productos/repositorySQL.go:162.16,164.3 1 0
github.com/extmatperez/meli_bootcamp2/18_storage2/TT/proyecto/internal/productos/repositorySQL.go:166.23,168.3 1 0
github.com/extmatperez/meli_bootcamp2/18_storage2/TT/proyecto/internal/productos/repositorySQL.go:173.46,178.16 3 1
github.com/extmatperez/meli_bootcamp2/18_storage2/TT/proyecto/internal/productos/repositorySQL.go:182.2,186.16 3 1
github.com/extmatperez/meli_bootcamp2/18_storage2/TT/proyecto/internal/productos/repositorySQL.go:190.2,192.16 2 1
github.com/extmatperez/meli_bootcamp2/18_storage2/TT/proyecto/internal/productos/repositorySQL.go:196.2,196.23 1 1
github.com/extmatperez/meli_bootcamp2/18_storage2/TT/proyecto/internal/productos/repositorySQL.go:200.2,200.12 1 1
github.com/extmatperez/meli_bootcamp2/18_storage2/TT/proyecto/internal/productos/repositorySQL.go:178.16,180.3 1 0
github.com/extmatperez/meli_bootcamp2/18_storage2/TT/proyecto/internal/productos/repositorySQL.go:186.16,188.3 1 0
github.com/extmatperez/meli_bootcamp2/18_storage2/TT/proyecto/internal/productos/repositorySQL.go:192.16,194.3 1 0
github.com/extmatperez/meli_bootcamp2/18_storage2/TT/proyecto/internal/productos/repositorySQL.go:196.23,198.3 1 0
github.com/extmatperez/meli_bootcamp2/18_storage2/TT/proyecto/internal/productos/repositorySQL.go:203.69,208.16 3 1
github.com/extmatperez/meli_bootcamp2/18_storage2/TT/proyecto/internal/productos/repositorySQL.go:213.2,216.18 3 1
github.com/extmatperez/meli_bootcamp2/18_storage2/TT/proyecto/internal/productos/repositorySQL.go:227.2,227.23 1 1
github.com/extmatperez/meli_bootcamp2/18_storage2/TT/proyecto/internal/productos/repositorySQL.go:208.16,211.3 2 0
github.com/extmatperez/meli_bootcamp2/18_storage2/TT/proyecto/internal/productos/repositorySQL.go:216.18,219.17 2 1
github.com/extmatperez/meli_bootcamp2/18_storage2/TT/proyecto/internal/productos/repositorySQL.go:224.3,224.47 1 1
github.com/extmatperez/meli_bootcamp2/18_storage2/TT/proyecto/internal/productos/repositorySQL.go:219.17,222.4 2 0
github.com/extmatperez/meli_bootcamp2/18_storage2/TT/proyecto/internal/productos/repositorySQL.go:230.94,235.16 3 0
github.com/extmatperez/meli_bootcamp2/18_storage2/TT/proyecto/internal/productos/repositorySQL.go:240.2,242.18 2 0
github.com/extmatperez/meli_bootcamp2/18_storage2/TT/proyecto/internal/productos/repositorySQL.go:251.2,251.27 1 0
github.com/extmatperez/meli_bootcamp2/18_storage2/TT/proyecto/internal/productos/repositorySQL.go:235.16,238.3 2 0
github.com/extmatperez/meli_bootcamp2/18_storage2/TT/proyecto/internal/productos/repositorySQL.go:242.18,245.17 2 0
github.com/extmatperez/meli_bootcamp2/18_storage2/TT/proyecto/internal/productos/repositorySQL.go:245.17,248.4 2 0
github.com/extmatperez/meli_bootcamp2/18_storage2/TT/proyecto/internal/productos/repositorySQL.go:254.123,259.16 3 1
github.com/extmatperez/meli_bootcamp2/18_storage2/TT/proyecto/internal/productos/repositorySQL.go:263.2,269.16 4 1
github.com/extmatperez/meli_bootcamp2/18_storage2/TT/proyecto/internal/productos/repositorySQL.go:273.2,275.16 2 1
github.com/extmatperez/meli_bootcamp2/18_storage2/TT/proyecto/internal/productos/repositorySQL.go:279.2,279.23 1 1
github.com/extmatperez/meli_bootcamp2/18_storage2/TT/proyecto/internal/productos/repositorySQL.go:283.2,283.30 1 1
github.com/extmatperez/meli_bootcamp2/18_storage2/TT/proyecto/internal/productos/repositorySQL.go:259.16,261.3 1 0
github.com/extmatperez/meli_bootcamp2/18_storage2/TT/proyecto/internal/productos/repositorySQL.go:269.16,271.3 1 0
github.com/extmatperez/meli_bootcamp2/18_storage2/TT/proyecto/internal/productos/repositorySQL.go:275.16,277.3 1 0
github.com/extmatperez/meli_bootcamp2/18_storage2/TT/proyecto/internal/productos/repositorySQL.go:279.23,281.3 1 0
github.com/extmatperez/meli_bootcamp2/18_storage2/TT/proyecto/internal/productos/repositorySQLMock.go:35.57,37.2 1 1
github.com/extmatperez/meli_bootcamp2/18_storage2/TT/proyecto/internal/productos/repositorySQLMock.go:39.91,43.16 2 1
github.com/extmatperez/meli_bootcamp2/18_storage2/TT/proyecto/internal/productos/repositorySQLMock.go:47.2,51.16 3 1
github.com/extmatperez/meli_bootcamp2/18_storage2/TT/proyecto/internal/productos/repositorySQLMock.go:55.2,59.27 3 1
github.com/extmatperez/meli_bootcamp2/18_storage2/TT/proyecto/internal/productos/repositorySQLMock.go:43.16,45.3 1 0
github.com/extmatperez/meli_bootcamp2/18_storage2/TT/proyecto/internal/productos/repositorySQLMock.go:51.16,53.3 1 1
github.com/extmatperez/meli_bootcamp2/18_storage2/TT/proyecto/internal/productos/repositorySQLMock.go:62.65,66.16 2 0
github.com/extmatperez/meli_bootcamp2/18_storage2/TT/proyecto/internal/productos/repositorySQLMock.go:70.2,73.18 3 0
github.com/extmatperez/meli_bootcamp2/18_storage2/TT/proyecto/internal/productos/repositorySQLMock.go:83.2,83.23 1 0
github.com/extmatperez/meli_bootcamp2/18_storage2/TT/proyecto/internal/productos/repositorySQLMock.go:66.16,68.3 1 0
github.com/extmatperez/meli_bootcamp2/18_storage2/TT/proyecto/internal/productos/repositorySQLMock.go:73.18,76.17 2 0
github.com/extmatperez/meli_bootcamp2/18_storage2/TT/proyecto/internal/productos/repositorySQLMock.go:80.3,80.47 1 0
github.com/extmatperez/meli_bootcamp2/18_storage2/TT/proyecto/internal/productos/repositorySQLMock.go:76.17,78.4 1 0
github.com/extmatperez/meli_bootcamp2/18_storage2/TT/proyecto/internal/productos/repositorySQLMock.go:86.66,90.16 2 1
github.com/extmatperez/meli_bootcamp2/18_storage2/TT/proyecto/internal/productos/repositorySQLMock.go:94.2,96.18 2 1
github.com/extmatperez/meli_bootcamp2/18_storage2/TT/proyecto/internal/productos/repositorySQLMock.go:100.2,100.18 1 1
github.com/extmatperez/meli_bootcamp2/18_storage2/TT/proyecto/internal/productos/repositorySQLMock.go:108.2,108.27 1 1
github.com/extmatperez/meli_bootcamp2/18_storage2/TT/proyecto/internal/productos/repositorySQLMock.go:90.16,92.3 1 1
github.com/extmatperez/meli_bootcamp2/18_storage2/TT/proyecto/internal/productos/repositorySQLMock.go:96.18,98.3 1 0
github.com/extmatperez/meli_bootcamp2/18_storage2/TT/proyecto/internal/productos/repositorySQLMock.go:100.18,103.17 2 0
github.com/extmatperez/meli_bootcamp2/18_storage2/TT/proyecto/internal/productos/repositorySQLMock.go:103.17,105.4 1 0
github.com/extmatperez/meli_bootcamp2/18_storage2/TT/proyecto/internal/productos/repositorySQLMock.go:111.81,115.16 2 0
github.com/extmatperez/meli_bootcamp2/18_storage2/TT/proyecto/internal/productos/repositorySQLMock.go:119.2,122.18 3 0
github.com/extmatperez/meli_bootcamp2/18_storage2/TT/proyecto/internal/productos/repositorySQLMock.go:132.2,132.23 1 0
github.com/extmatperez/meli_bootcamp2/18_storage2/TT/proyecto/internal/productos/repositorySQLMock.go:115.16,117.3 1 0
github.com/extmatperez/meli_bootcamp2/18_storage2/TT/proyecto/internal/productos/repositorySQLMock.go:122.18,125.17 2 0
github.com/extmatperez/meli_bootcamp2/18_storage2/TT/proyecto/internal/productos/repositorySQLMock.go:129.3,129.47 1 0
github.com/extmatperez/meli_bootcamp2/18_storage2/TT/proyecto/internal/productos/repositorySQLMock.go:125.17,127.4 1 0
github.com/extmatperez/meli_bootcamp2/18_storage2/TT/proyecto/internal/productos/repositorySQLMock.go:135.95,139.16 2 1
github.com/extmatperez/meli_bootcamp2/18_storage2/TT/proyecto/internal/productos/repositorySQLMock.go:143.2,149.16 4 1
github.com/extmatperez/meli_bootcamp2/18_storage2/TT/proyecto/internal/productos/repositorySQLMock.go:153.2,155.16 2 1
github.com/extmatperez/meli_bootcamp2/18_storage2/TT/proyecto/internal/productos/repositorySQLMock.go:159.2,159.23 1 1
github.com/extmatperez/meli_bootcamp2/18_storage2/TT/proyecto/internal/productos/repositorySQLMock.go:163.2,163.30 1 1
github.com/extmatperez/meli_bootcamp2/18_storage2/TT/proyecto/internal/productos/repositorySQLMock.go:139.16,141.3 1 0
github.com/extmatperez/meli_bootcamp2/18_storage2/TT/proyecto/internal/productos/repositorySQLMock.go:149.16,151.3 1 0
github.com/extmatperez/meli_bootcamp2/18_storage2/TT/proyecto/internal/productos/repositorySQLMock.go:155.16,157.3 1 0
github.com/extmatperez/meli_bootcamp2/18_storage2/TT/proyecto/internal/productos/repositorySQLMock.go:159.23,161.3 1 0
github.com/extmatperez/meli_bootcamp2/18_storage2/TT/proyecto/internal/productos/repositorySQLMock.go:166.50,170.16 2 1
github.com/extmatperez/meli_bootcamp2/18_storage2/TT/proyecto/internal/productos/repositorySQLMock.go:174.2,178.16 3 1
github.com/extmatperez/meli_bootcamp2/18_storage2/TT/proyecto/internal/productos/repositorySQLMock.go:182.2,184.16 2 1
github.com/extmatperez/meli_bootcamp2/18_storage2/TT/proyecto/internal/productos/repositorySQLMock.go:188.2,188.23 1 1
github.com/extmatperez/meli_bootcamp2/18_storage2/TT/proyecto/internal/productos/repositorySQLMock.go:192.2,192.12 1 1
github.com/extmatperez/meli_bootcamp2/18_storage2/TT/proyecto/internal/productos/repositorySQLMock.go:170.16,172.3 1 0
github.com/extmatperez/meli_bootcamp2/18_storage2/TT/proyecto/internal/productos/repositorySQLMock.go:178.16,180.3 1 0
github.com/extmatperez/meli_bootcamp2/18_storage2/TT/proyecto/internal/productos/repositorySQLMock.go:184.16,186.3 1 0
github.com/extmatperez/meli_bootcamp2/18_storage2/TT/proyecto/internal/productos/repositorySQLMock.go:188.23,190.3 1 0
github.com/extmatperez/meli_bootcamp2/18_storage2/TT/proyecto/internal/productos/repositorySQLMock.go:195.73,199.16 2 0
github.com/extmatperez/meli_bootcamp2/18_storage2/TT/proyecto/internal/productos/repositorySQLMock.go:203.2,206.18 3 0
github.com/extmatperez/meli_bootcamp2/18_storage2/TT/proyecto/internal/productos/repositorySQLMock.go:216.2,216.23 1 0
github.com/extmatperez/meli_bootcamp2/18_storage2/TT/proyecto/internal/productos/repositorySQLMock.go:199.16,201.3 1 0
github.com/extmatperez/meli_bootcamp2/18_storage2/TT/proyecto/internal/productos/repositorySQLMock.go:206.18,209.17 2 0
github.com/extmatperez/meli_bootcamp2/18_storage2/TT/proyecto/internal/productos/repositorySQLMock.go:213.3,213.47 1 0
github.com/extmatperez/meli_bootcamp2/18_storage2/TT/proyecto/internal/productos/repositorySQLMock.go:209.17,211.4 1 0
github.com/extmatperez/meli_bootcamp2/18_storage2/TT/proyecto/internal/productos/repositorySQLMock.go:219.98,223.16 2 1
github.com/extmatperez/meli_bootcamp2/18_storage2/TT/proyecto/internal/productos/repositorySQLMock.go:227.2,229.18 2 1
github.com/extmatperez/meli_bootcamp2/18_storage2/TT/proyecto/internal/productos/repositorySQLMock.go:237.2,237.27 1 1
github.com/extmatperez/meli_bootcamp2/18_storage2/TT/proyecto/internal/productos/repositorySQLMock.go:223.16,225.3 1 0
github.com/extmatperez/meli_bootcamp2/18_storage2/TT/proyecto/internal/productos/repositorySQLMock.go:229.18,232.17 2 1
github.com/extmatperez/meli_bootcamp2/18_storage2/TT/proyecto/internal/productos/repositorySQLMock.go:232.17,234.4 1 0
github.com/extmatperez/meli_bootcamp2/18_storage2/TT/proyecto/internal/productos/repositorySQLMock.go:240.127,244.16 2 0
github.com/extmatperez/meli_bootcamp2/18_storage2/TT/proyecto/internal/productos/repositorySQLMock.go:248.2,254.16 4 0
github.com/extmatperez/meli_bootcamp2/18_storage2/TT/proyecto/internal/productos/repositorySQLMock.go:258.2,260.16 2 0
github.com/extmatperez/meli_bootcamp2/18_storage2/TT/proyecto/internal/productos/repositorySQLMock.go:264.2,264.23 1 0
github.com/extmatperez/meli_bootcamp2/18_storage2/TT/proyecto/internal/productos/repositorySQLMock.go:268.2,268.30 1 0
github.com/extmatperez/meli_bootcamp2/18_storage2/TT/proyecto/internal/productos/repositorySQLMock.go:244.16,246.3 1 0
github.com/extmatperez/meli_bootcamp2/18_storage2/TT/proyecto/internal/productos/repositorySQLMock.go:254.16,256.3 1 0
github.com/extmatperez/meli_bootcamp2/18_storage2/TT/proyecto/internal/productos/repositorySQLMock.go:260.16,262.3 1 0
github.com/extmatperez/meli_bootcamp2/18_storage2/TT/proyecto/internal/productos/repositorySQLMock.go:264.23,266.3 1 0
github.com/extmatperez/meli_bootcamp2/18_storage2/TT/proyecto/internal/productos/service.go:15.48,17.2 1 1
github.com/extmatperez/meli_bootcamp2/18_storage2/TT/proyecto/internal/productos/service.go:19.48,23.16 2 1
github.com/extmatperez/meli_bootcamp2/18_storage2/TT/proyecto/internal/productos/service.go:27.2,27.23 1 1
github.com/extmatperez/meli_bootcamp2/18_storage2/TT/proyecto/internal/productos/service.go:23.16,25.3 1 1
github.com/extmatperez/meli_bootcamp2/18_storage2/TT/proyecto/internal/productos/service.go:30.151,34.16 2 1
github.com/extmatperez/meli_bootcamp2/18_storage2/TT/proyecto/internal/productos/service.go:38.2,40.16 2 1
github.com/extmatperez/meli_bootcamp2/18_storage2/TT/proyecto/internal/productos/service.go:44.2,44.27 1 1
github.com/extmatperez/meli_bootcamp2/18_storage2/TT/proyecto/internal/productos/service.go:34.16,36.3 1 1
github.com/extmatperez/meli_bootcamp2/18_storage2/TT/proyecto/internal/productos/service.go:40.16,42.3 1 0
github.com/extmatperez/meli_bootcamp2/18_storage2/TT/proyecto/internal/productos/service.go:47.160,49.2 1 1
github.com/extmatperez/meli_bootcamp2/18_storage2/TT/proyecto/internal/productos/service.go:51.40,53.2 1 1
github.com/extmatperez/meli_bootcamp2/18_storage2/TT/proyecto/internal/productos/service.go:55.94,57.2 1 1
github.com/extmatperez/meli_bootcamp2/18_storage2/TT/proyecto/internal/productos/serviceSQL.go:25.51,27.2 1 1
github.com/extmatperez/meli_bootcamp2/18_storage2/TT/proyecto/internal/productos/serviceSQL.go:29.173,35.16 3 1
github.com/extmatperez/meli_bootcamp2/18_storage2/TT/proyecto/internal/productos/serviceSQL.go:39.2,39.30 1 1
github.com/extmatperez/meli_bootcamp2/18_storage2/TT/proyecto/internal/productos/serviceSQL.go:35.16,37.3 1 1
github.com/extmatperez/meli_bootcamp2/18_storage2/TT/proyecto/internal/productos/serviceSQL.go:42.58,44.2 1 1
github.com/extmatperez/meli_bootcamp2/18_storage2/TT/proyecto/internal/productos/serviceSQL.go:46.59,48.2 1 1
github.com/extmatperez/meli_bootcamp2/18_storage2/TT/proyecto/internal/productos/serviceSQL.go:50.80,52.2 1 1
github.com/extmatperez/meli_bootcamp2/18_storage2/TT/proyecto/internal/productos/serviceSQL.go:54.74,56.2 1 1
github.com/extmatperez/meli_bootcamp2/18_storage2/TT/proyecto/internal/productos/serviceSQL.go:58.43,60.2 1 1
github.com/extmatperez/meli_bootcamp2/18_storage2/TT/proyecto/internal/productos/serviceSQL.go:62.66,64.2 1 1
github.com/extmatperez/meli_bootcamp2/18_storage2/TT/proyecto/internal/productos/serviceSQL.go:66.91,68.2 1 1
github.com/extmatperez/meli_bootcamp2/18_storage2/TT/proyecto/internal/productos/serviceSQL.go:70.112,72.2 1 1
