mode: set
github.com/extmatperez/meli_bootcamp2/11_testing2/internal/products/repository.go:35.50,39.16 3 1
github.com/extmatperez/meli_bootcamp2/11_testing2/internal/products/repository.go:43.2,43.22 1 1
github.com/extmatperez/meli_bootcamp2/11_testing2/internal/products/repository.go:39.16,41.3 1 1
github.com/extmatperez/meli_bootcamp2/11_testing2/internal/products/repository.go:46.155,65.16 6 1
github.com/extmatperez/meli_bootcamp2/11_testing2/internal/products/repository.go:69.2,69.21 1 1
github.com/extmatperez/meli_bootcamp2/11_testing2/internal/products/repository.go:65.16,67.3 1 0
github.com/extmatperez/meli_bootcamp2/11_testing2/internal/products/repository.go:72.58,76.16 3 1
github.com/extmatperez/meli_bootcamp2/11_testing2/internal/products/repository.go:80.2,82.37 2 1
github.com/extmatperez/meli_bootcamp2/11_testing2/internal/products/repository.go:89.2,89.51 1 1
github.com/extmatperez/meli_bootcamp2/11_testing2/internal/products/repository.go:76.16,78.3 1 1
github.com/extmatperez/meli_bootcamp2/11_testing2/internal/products/repository.go:82.37,83.27 1 1
github.com/extmatperez/meli_bootcamp2/11_testing2/internal/products/repository.go:83.27,86.4 2 1
github.com/extmatperez/meli_bootcamp2/11_testing2/internal/products/repository.go:92.46,96.16 3 1
github.com/extmatperez/meli_bootcamp2/11_testing2/internal/products/repository.go:100.2,100.24 1 1
github.com/extmatperez/meli_bootcamp2/11_testing2/internal/products/repository.go:104.2,104.42 1 1
github.com/extmatperez/meli_bootcamp2/11_testing2/internal/products/repository.go:96.16,98.3 1 1
github.com/extmatperez/meli_bootcamp2/11_testing2/internal/products/repository.go:100.24,102.3 1 1
github.com/extmatperez/meli_bootcamp2/11_testing2/internal/products/repository.go:107.156,111.16 3 1
github.com/extmatperez/meli_bootcamp2/11_testing2/internal/products/repository.go:115.2,126.37 2 1
github.com/extmatperez/meli_bootcamp2/11_testing2/internal/products/repository.go:140.2,140.58 1 1
github.com/extmatperez/meli_bootcamp2/11_testing2/internal/products/repository.go:111.16,113.3 1 1
github.com/extmatperez/meli_bootcamp2/11_testing2/internal/products/repository.go:126.37,127.27 1 1
github.com/extmatperez/meli_bootcamp2/11_testing2/internal/products/repository.go:127.27,132.18 3 1
github.com/extmatperez/meli_bootcamp2/11_testing2/internal/products/repository.go:136.4,136.23 1 1
github.com/extmatperez/meli_bootcamp2/11_testing2/internal/products/repository.go:132.18,134.5 1 0
github.com/extmatperez/meli_bootcamp2/11_testing2/internal/products/repository.go:143.45,147.16 3 1
github.com/extmatperez/meli_bootcamp2/11_testing2/internal/products/repository.go:151.2,154.36 3 1
github.com/extmatperez/meli_bootcamp2/11_testing2/internal/products/repository.go:161.2,161.25 1 1
github.com/extmatperez/meli_bootcamp2/11_testing2/internal/products/repository.go:165.2,169.16 3 1
github.com/extmatperez/meli_bootcamp2/11_testing2/internal/products/repository.go:173.2,173.12 1 1
github.com/extmatperez/meli_bootcamp2/11_testing2/internal/products/repository.go:147.16,149.3 1 1
github.com/extmatperez/meli_bootcamp2/11_testing2/internal/products/repository.go:154.36,155.27 1 1
github.com/extmatperez/meli_bootcamp2/11_testing2/internal/products/repository.go:155.27,157.9 2 1
github.com/extmatperez/meli_bootcamp2/11_testing2/internal/products/repository.go:161.25,163.3 1 1
github.com/extmatperez/meli_bootcamp2/11_testing2/internal/products/repository.go:169.16,171.3 1 0
github.com/extmatperez/meli_bootcamp2/11_testing2/internal/products/repository.go:176.96,180.16 3 1
github.com/extmatperez/meli_bootcamp2/11_testing2/internal/products/repository.go:184.2,184.37 1 1
github.com/extmatperez/meli_bootcamp2/11_testing2/internal/products/repository.go:199.2,199.58 1 1
github.com/extmatperez/meli_bootcamp2/11_testing2/internal/products/repository.go:180.16,182.3 1 0
github.com/extmatperez/meli_bootcamp2/11_testing2/internal/products/repository.go:184.37,185.27 1 1
github.com/extmatperez/meli_bootcamp2/11_testing2/internal/products/repository.go:185.27,191.18 4 1
github.com/extmatperez/meli_bootcamp2/11_testing2/internal/products/repository.go:195.4,195.27 1 1
github.com/extmatperez/meli_bootcamp2/11_testing2/internal/products/repository.go:191.18,193.5 1 0
github.com/extmatperez/meli_bootcamp2/11_testing2/internal/products/repository.go:202.47,206.2 1 1
github.com/extmatperez/meli_bootcamp2/11_testing2/internal/products/service.go:23.47,26.16 2 1
github.com/extmatperez/meli_bootcamp2/11_testing2/internal/products/service.go:30.2,30.22 1 1
github.com/extmatperez/meli_bootcamp2/11_testing2/internal/products/service.go:26.16,28.3 1 1
github.com/extmatperez/meli_bootcamp2/11_testing2/internal/products/service.go:33.143,36.16 2 1
github.com/extmatperez/meli_bootcamp2/11_testing2/internal/products/service.go:40.2,42.16 2 1
github.com/extmatperez/meli_bootcamp2/11_testing2/internal/products/service.go:46.2,46.21 1 1
github.com/extmatperez/meli_bootcamp2/11_testing2/internal/products/service.go:36.16,38.3 1 1
github.com/extmatperez/meli_bootcamp2/11_testing2/internal/products/service.go:42.16,44.3 1 0
github.com/extmatperez/meli_bootcamp2/11_testing2/internal/products/service.go:49.55,52.16 2 1
github.com/extmatperez/meli_bootcamp2/11_testing2/internal/products/service.go:56.2,56.21 1 1
github.com/extmatperez/meli_bootcamp2/11_testing2/internal/products/service.go:52.16,54.3 1 1
github.com/extmatperez/meli_bootcamp2/11_testing2/internal/products/service.go:59.98,67.31 4 1
github.com/extmatperez/meli_bootcamp2/11_testing2/internal/products/service.go:73.2,73.25 1 1
github.com/extmatperez/meli_bootcamp2/11_testing2/internal/products/service.go:67.31,68.65 1 1
github.com/extmatperez/meli_bootcamp2/11_testing2/internal/products/service.go:68.65,70.4 1 1
github.com/extmatperez/meli_bootcamp2/11_testing2/internal/products/service.go:76.92,83.74 5 1
github.com/extmatperez/meli_bootcamp2/11_testing2/internal/products/service.go:90.2,90.44 1 1
github.com/extmatperez/meli_bootcamp2/11_testing2/internal/products/service.go:94.2,94.47 1 1
github.com/extmatperez/meli_bootcamp2/11_testing2/internal/products/service.go:101.2,101.25 1 1
github.com/extmatperez/meli_bootcamp2/11_testing2/internal/products/service.go:83.74,84.69 1 1
github.com/extmatperez/meli_bootcamp2/11_testing2/internal/products/service.go:84.69,85.9 1 1
github.com/extmatperez/meli_bootcamp2/11_testing2/internal/products/service.go:90.44,92.3 1 0
github.com/extmatperez/meli_bootcamp2/11_testing2/internal/products/service.go:94.47,96.86 2 1
github.com/extmatperez/meli_bootcamp2/11_testing2/internal/products/service.go:96.86,98.4 1 1
github.com/extmatperez/meli_bootcamp2/11_testing2/internal/products/service.go:104.154,106.2 1 1
github.com/extmatperez/meli_bootcamp2/11_testing2/internal/products/service.go:108.93,110.2 1 1
github.com/extmatperez/meli_bootcamp2/11_testing2/internal/products/service.go:112.42,114.2 1 1
github.com/extmatperez/meli_bootcamp2/11_testing2/internal/products/service.go:116.39,120.2 1 1
