mode: set
github.com/extmatperez/meli_bootcamp2/tree/archuby_federico/12_testing3/afternoon/internal/users/repository.go:33.47,37.2 1 1
github.com/extmatperez/meli_bootcamp2/tree/archuby_federico/12_testing3/afternoon/internal/users/repository.go:39.47,42.16 3 1
github.com/extmatperez/meli_bootcamp2/tree/archuby_federico/12_testing3/afternoon/internal/users/repository.go:46.2,46.19 1 1
github.com/extmatperez/meli_bootcamp2/tree/archuby_federico/12_testing3/afternoon/internal/users/repository.go:42.16,44.3 1 1
github.com/extmatperez/meli_bootcamp2/tree/archuby_federico/12_testing3/afternoon/internal/users/repository.go:49.44,52.16 3 1
github.com/extmatperez/meli_bootcamp2/tree/archuby_federico/12_testing3/afternoon/internal/users/repository.go:56.2,56.35 1 1
github.com/extmatperez/meli_bootcamp2/tree/archuby_federico/12_testing3/afternoon/internal/users/repository.go:59.2,60.36 2 1
github.com/extmatperez/meli_bootcamp2/tree/archuby_federico/12_testing3/afternoon/internal/users/repository.go:52.16,54.3 1 1
github.com/extmatperez/meli_bootcamp2/tree/archuby_federico/12_testing3/afternoon/internal/users/repository.go:56.35,58.3 1 0
github.com/extmatperez/meli_bootcamp2/tree/archuby_federico/12_testing3/afternoon/internal/users/repository.go:63.134,66.16 3 1
github.com/extmatperez/meli_bootcamp2/tree/archuby_federico/12_testing3/afternoon/internal/users/repository.go:70.2,74.16 4 1
github.com/extmatperez/meli_bootcamp2/tree/archuby_federico/12_testing3/afternoon/internal/users/repository.go:78.2,78.15 1 1
github.com/extmatperez/meli_bootcamp2/tree/archuby_federico/12_testing3/afternoon/internal/users/repository.go:66.16,68.3 1 0
github.com/extmatperez/meli_bootcamp2/tree/archuby_federico/12_testing3/afternoon/internal/users/repository.go:74.16,76.3 1 0
github.com/extmatperez/meli_bootcamp2/tree/archuby_federico/12_testing3/afternoon/internal/users/repository.go:81.135,84.16 3 1
github.com/extmatperez/meli_bootcamp2/tree/archuby_federico/12_testing3/afternoon/internal/users/repository.go:88.2,88.16 1 1
github.com/extmatperez/meli_bootcamp2/tree/archuby_federico/12_testing3/afternoon/internal/users/repository.go:92.2,94.42 3 1
github.com/extmatperez/meli_bootcamp2/tree/archuby_federico/12_testing3/afternoon/internal/users/repository.go:98.2,98.21 1 1
github.com/extmatperez/meli_bootcamp2/tree/archuby_federico/12_testing3/afternoon/internal/users/repository.go:102.2,105.16 3 1
github.com/extmatperez/meli_bootcamp2/tree/archuby_federico/12_testing3/afternoon/internal/users/repository.go:109.2,109.15 1 1
github.com/extmatperez/meli_bootcamp2/tree/archuby_federico/12_testing3/afternoon/internal/users/repository.go:84.16,86.3 1 1
github.com/extmatperez/meli_bootcamp2/tree/archuby_federico/12_testing3/afternoon/internal/users/repository.go:88.16,90.3 1 0
github.com/extmatperez/meli_bootcamp2/tree/archuby_federico/12_testing3/afternoon/internal/users/repository.go:94.42,96.3 1 0
github.com/extmatperez/meli_bootcamp2/tree/archuby_federico/12_testing3/afternoon/internal/users/repository.go:98.21,100.3 1 0
github.com/extmatperez/meli_bootcamp2/tree/archuby_federico/12_testing3/afternoon/internal/users/repository.go:105.16,107.3 1 0
github.com/extmatperez/meli_bootcamp2/tree/archuby_federico/12_testing3/afternoon/internal/users/repository.go:112.88,115.16 3 1
github.com/extmatperez/meli_bootcamp2/tree/archuby_federico/12_testing3/afternoon/internal/users/repository.go:119.2,120.42 2 1
github.com/extmatperez/meli_bootcamp2/tree/archuby_federico/12_testing3/afternoon/internal/users/repository.go:124.2,124.21 1 1
github.com/extmatperez/meli_bootcamp2/tree/archuby_federico/12_testing3/afternoon/internal/users/repository.go:128.2,132.16 4 1
github.com/extmatperez/meli_bootcamp2/tree/archuby_federico/12_testing3/afternoon/internal/users/repository.go:136.2,136.22 1 1
github.com/extmatperez/meli_bootcamp2/tree/archuby_federico/12_testing3/afternoon/internal/users/repository.go:115.16,117.3 1 0
github.com/extmatperez/meli_bootcamp2/tree/archuby_federico/12_testing3/afternoon/internal/users/repository.go:120.42,122.3 1 1
github.com/extmatperez/meli_bootcamp2/tree/archuby_federico/12_testing3/afternoon/internal/users/repository.go:124.21,126.3 1 1
github.com/extmatperez/meli_bootcamp2/tree/archuby_federico/12_testing3/afternoon/internal/users/repository.go:132.16,134.3 1 0
github.com/extmatperez/meli_bootcamp2/tree/archuby_federico/12_testing3/afternoon/internal/users/repository.go:139.51,143.16 3 1
github.com/extmatperez/meli_bootcamp2/tree/archuby_federico/12_testing3/afternoon/internal/users/repository.go:147.2,148.42 2 1
github.com/extmatperez/meli_bootcamp2/tree/archuby_federico/12_testing3/afternoon/internal/users/repository.go:152.2,152.21 1 1
github.com/extmatperez/meli_bootcamp2/tree/archuby_federico/12_testing3/afternoon/internal/users/repository.go:156.2,159.16 3 1
github.com/extmatperez/meli_bootcamp2/tree/archuby_federico/12_testing3/afternoon/internal/users/repository.go:163.2,163.18 1 1
github.com/extmatperez/meli_bootcamp2/tree/archuby_federico/12_testing3/afternoon/internal/users/repository.go:143.16,145.3 1 1
github.com/extmatperez/meli_bootcamp2/tree/archuby_federico/12_testing3/afternoon/internal/users/repository.go:148.42,150.3 1 0
github.com/extmatperez/meli_bootcamp2/tree/archuby_federico/12_testing3/afternoon/internal/users/repository.go:152.21,154.3 1 1
github.com/extmatperez/meli_bootcamp2/tree/archuby_federico/12_testing3/afternoon/internal/users/repository.go:159.16,161.3 1 0
github.com/extmatperez/meli_bootcamp2/tree/archuby_federico/12_testing3/afternoon/internal/users/service.go:15.48,17.2 1 1
github.com/extmatperez/meli_bootcamp2/tree/archuby_federico/12_testing3/afternoon/internal/users/service.go:19.46,21.16 2 1
github.com/extmatperez/meli_bootcamp2/tree/archuby_federico/12_testing3/afternoon/internal/users/service.go:25.2,25.19 1 1
github.com/extmatperez/meli_bootcamp2/tree/archuby_federico/12_testing3/afternoon/internal/users/service.go:21.16,23.3 1 1
github.com/extmatperez/meli_bootcamp2/tree/archuby_federico/12_testing3/afternoon/internal/users/service.go:28.125,31.16 2 1
github.com/extmatperez/meli_bootcamp2/tree/archuby_federico/12_testing3/afternoon/internal/users/service.go:35.2,38.16 3 1
github.com/extmatperez/meli_bootcamp2/tree/archuby_federico/12_testing3/afternoon/internal/users/service.go:42.2,42.18 1 1
github.com/extmatperez/meli_bootcamp2/tree/archuby_federico/12_testing3/afternoon/internal/users/service.go:31.16,33.3 1 1
github.com/extmatperez/meli_bootcamp2/tree/archuby_federico/12_testing3/afternoon/internal/users/service.go:38.16,40.3 1 0
github.com/extmatperez/meli_bootcamp2/tree/archuby_federico/12_testing3/afternoon/internal/users/service.go:45.134,47.16 2 1
github.com/extmatperez/meli_bootcamp2/tree/archuby_federico/12_testing3/afternoon/internal/users/service.go:51.2,51.18 1 1
github.com/extmatperez/meli_bootcamp2/tree/archuby_federico/12_testing3/afternoon/internal/users/service.go:47.16,49.3 1 1
github.com/extmatperez/meli_bootcamp2/tree/archuby_federico/12_testing3/afternoon/internal/users/service.go:54.87,56.16 2 0
github.com/extmatperez/meli_bootcamp2/tree/archuby_federico/12_testing3/afternoon/internal/users/service.go:60.2,60.18 1 0
github.com/extmatperez/meli_bootcamp2/tree/archuby_federico/12_testing3/afternoon/internal/users/service.go:56.16,58.3 1 0
github.com/extmatperez/meli_bootcamp2/tree/archuby_federico/12_testing3/afternoon/internal/users/service.go:63.50,65.16 2 1
github.com/extmatperez/meli_bootcamp2/tree/archuby_federico/12_testing3/afternoon/internal/users/service.go:69.2,69.25 1 1
github.com/extmatperez/meli_bootcamp2/tree/archuby_federico/12_testing3/afternoon/internal/users/service.go:65.16,67.3 1 1
