mode: set
github.com/extmatperez/meli_bootcamp2/tree/parra_diego/12_testing3/TM/ejercicio_3/internal/productos/repository.go:37.47,39.2 1 1
github.com/extmatperez/meli_bootcamp2/tree/parra_diego/12_testing3/TM/ejercicio_3/internal/productos/repository.go:41.53,43.16 2 1
github.com/extmatperez/meli_bootcamp2/tree/parra_diego/12_testing3/TM/ejercicio_3/internal/productos/repository.go:47.2,47.22 1 1
github.com/extmatperez/meli_bootcamp2/tree/parra_diego/12_testing3/TM/ejercicio_3/internal/productos/repository.go:43.16,45.3 1 0
github.com/extmatperez/meli_bootcamp2/tree/parra_diego/12_testing3/TM/ejercicio_3/internal/productos/repository.go:49.149,51.17 2 1
github.com/extmatperez/meli_bootcamp2/tree/parra_diego/12_testing3/TM/ejercicio_3/internal/productos/repository.go:54.2,66.16 4 1
github.com/extmatperez/meli_bootcamp2/tree/parra_diego/12_testing3/TM/ejercicio_3/internal/productos/repository.go:69.2,69.17 1 1
github.com/extmatperez/meli_bootcamp2/tree/parra_diego/12_testing3/TM/ejercicio_3/internal/productos/repository.go:51.17,53.3 1 0
github.com/extmatperez/meli_bootcamp2/tree/parra_diego/12_testing3/TM/ejercicio_3/internal/productos/repository.go:66.16,68.3 1 0
github.com/extmatperez/meli_bootcamp2/tree/parra_diego/12_testing3/TM/ejercicio_3/internal/productos/repository.go:71.47,73.16 2 1
github.com/extmatperez/meli_bootcamp2/tree/parra_diego/12_testing3/TM/ejercicio_3/internal/productos/repository.go:76.2,76.24 1 1
github.com/extmatperez/meli_bootcamp2/tree/parra_diego/12_testing3/TM/ejercicio_3/internal/productos/repository.go:79.2,79.42 1 1
github.com/extmatperez/meli_bootcamp2/tree/parra_diego/12_testing3/TM/ejercicio_3/internal/productos/repository.go:73.16,75.3 1 0
github.com/extmatperez/meli_bootcamp2/tree/parra_diego/12_testing3/TM/ejercicio_3/internal/productos/repository.go:76.24,78.3 1 0
github.com/extmatperez/meli_bootcamp2/tree/parra_diego/12_testing3/TM/ejercicio_3/internal/productos/repository.go:82.150,84.16 2 1
github.com/extmatperez/meli_bootcamp2/tree/parra_diego/12_testing3/TM/ejercicio_3/internal/productos/repository.go:87.2,89.29 2 1
github.com/extmatperez/meli_bootcamp2/tree/parra_diego/12_testing3/TM/ejercicio_3/internal/productos/repository.go:100.2,100.63 1 0
github.com/extmatperez/meli_bootcamp2/tree/parra_diego/12_testing3/TM/ejercicio_3/internal/productos/repository.go:84.16,86.3 1 0
github.com/extmatperez/meli_bootcamp2/tree/parra_diego/12_testing3/TM/ejercicio_3/internal/productos/repository.go:89.29,90.17 1 1
github.com/extmatperez/meli_bootcamp2/tree/parra_diego/12_testing3/TM/ejercicio_3/internal/productos/repository.go:90.17,94.18 3 1
github.com/extmatperez/meli_bootcamp2/tree/parra_diego/12_testing3/TM/ejercicio_3/internal/productos/repository.go:97.4,97.18 1 1
github.com/extmatperez/meli_bootcamp2/tree/parra_diego/12_testing3/TM/ejercicio_3/internal/productos/repository.go:94.18,96.5 1 0
github.com/extmatperez/meli_bootcamp2/tree/parra_diego/12_testing3/TM/ejercicio_3/internal/productos/repository.go:104.46,106.16 2 1
github.com/extmatperez/meli_bootcamp2/tree/parra_diego/12_testing3/TM/ejercicio_3/internal/productos/repository.go:109.2,110.29 2 1
github.com/extmatperez/meli_bootcamp2/tree/parra_diego/12_testing3/TM/ejercicio_3/internal/productos/repository.go:119.2,119.53 1 0
github.com/extmatperez/meli_bootcamp2/tree/parra_diego/12_testing3/TM/ejercicio_3/internal/productos/repository.go:106.16,108.3 1 0
github.com/extmatperez/meli_bootcamp2/tree/parra_diego/12_testing3/TM/ejercicio_3/internal/productos/repository.go:110.29,111.17 1 1
github.com/extmatperez/meli_bootcamp2/tree/parra_diego/12_testing3/TM/ejercicio_3/internal/productos/repository.go:111.17,116.4 4 1
github.com/extmatperez/meli_bootcamp2/tree/parra_diego/12_testing3/TM/ejercicio_3/internal/productos/repository.go:122.94,124.16 2 1
github.com/extmatperez/meli_bootcamp2/tree/parra_diego/12_testing3/TM/ejercicio_3/internal/productos/repository.go:128.2,128.29 1 1
github.com/extmatperez/meli_bootcamp2/tree/parra_diego/12_testing3/TM/ejercicio_3/internal/productos/repository.go:140.2,140.63 1 0
github.com/extmatperez/meli_bootcamp2/tree/parra_diego/12_testing3/TM/ejercicio_3/internal/productos/repository.go:124.16,126.3 1 0
github.com/extmatperez/meli_bootcamp2/tree/parra_diego/12_testing3/TM/ejercicio_3/internal/productos/repository.go:128.29,129.17 1 1
github.com/extmatperez/meli_bootcamp2/tree/parra_diego/12_testing3/TM/ejercicio_3/internal/productos/repository.go:129.17,133.18 4 1
github.com/extmatperez/meli_bootcamp2/tree/parra_diego/12_testing3/TM/ejercicio_3/internal/productos/repository.go:136.4,136.27 1 1
github.com/extmatperez/meli_bootcamp2/tree/parra_diego/12_testing3/TM/ejercicio_3/internal/productos/repository.go:133.18,135.5 1 0
github.com/extmatperez/meli_bootcamp2/tree/parra_diego/12_testing3/TM/ejercicio_3/internal/productos/service.go:15.48,17.2 1 1
github.com/extmatperez/meli_bootcamp2/tree/parra_diego/12_testing3/TM/ejercicio_3/internal/productos/service.go:18.49,20.16 2 1
github.com/extmatperez/meli_bootcamp2/tree/parra_diego/12_testing3/TM/ejercicio_3/internal/productos/service.go:23.2,23.22 1 1
github.com/extmatperez/meli_bootcamp2/tree/parra_diego/12_testing3/TM/ejercicio_3/internal/productos/service.go:20.16,22.3 1 0
github.com/extmatperez/meli_bootcamp2/tree/parra_diego/12_testing3/TM/ejercicio_3/internal/productos/service.go:26.137,28.16 2 1
github.com/extmatperez/meli_bootcamp2/tree/parra_diego/12_testing3/TM/ejercicio_3/internal/productos/service.go:31.2,33.16 2 1
github.com/extmatperez/meli_bootcamp2/tree/parra_diego/12_testing3/TM/ejercicio_3/internal/productos/service.go:36.2,36.17 1 1
github.com/extmatperez/meli_bootcamp2/tree/parra_diego/12_testing3/TM/ejercicio_3/internal/productos/service.go:28.16,30.3 1 0
github.com/extmatperez/meli_bootcamp2/tree/parra_diego/12_testing3/TM/ejercicio_3/internal/productos/service.go:33.16,35.3 1 0
github.com/extmatperez/meli_bootcamp2/tree/parra_diego/12_testing3/TM/ejercicio_3/internal/productos/service.go:38.146,41.2 1 1
github.com/extmatperez/meli_bootcamp2/tree/parra_diego/12_testing3/TM/ejercicio_3/internal/productos/service.go:42.42,45.2 1 1
github.com/extmatperez/meli_bootcamp2/tree/parra_diego/12_testing3/TM/ejercicio_3/internal/productos/service.go:47.90,49.2 1 0
