mode: set
github.com/extmatperez/meli_bootcamp2/11_testing2/proyecto/internal/transactions/repository.go:36.47,38.2 1 1
github.com/extmatperez/meli_bootcamp2/11_testing2/proyecto/internal/transactions/repository.go:40.57,42.16 2 1
github.com/extmatperez/meli_bootcamp2/11_testing2/proyecto/internal/transactions/repository.go:45.2,45.26 1 1
github.com/extmatperez/meli_bootcamp2/11_testing2/proyecto/internal/transactions/repository.go:42.16,44.3 1 1
github.com/extmatperez/meli_bootcamp2/11_testing2/proyecto/internal/transactions/repository.go:49.73,51.16 2 0
github.com/extmatperez/meli_bootcamp2/11_testing2/proyecto/internal/transactions/repository.go:54.2,54.33 1 0
github.com/extmatperez/meli_bootcamp2/11_testing2/proyecto/internal/transactions/repository.go:59.2,59.59 1 0
github.com/extmatperez/meli_bootcamp2/11_testing2/proyecto/internal/transactions/repository.go:51.16,53.3 1 0
github.com/extmatperez/meli_bootcamp2/11_testing2/proyecto/internal/transactions/repository.go:54.33,55.17 1 0
github.com/extmatperez/meli_bootcamp2/11_testing2/proyecto/internal/transactions/repository.go:55.17,57.4 1 0
github.com/extmatperez/meli_bootcamp2/11_testing2/proyecto/internal/transactions/repository.go:62.160,65.16 2 1
github.com/extmatperez/meli_bootcamp2/11_testing2/proyecto/internal/transactions/repository.go:68.2,71.16 4 1
github.com/extmatperez/meli_bootcamp2/11_testing2/proyecto/internal/transactions/repository.go:74.2,74.21 1 1
github.com/extmatperez/meli_bootcamp2/11_testing2/proyecto/internal/transactions/repository.go:65.16,67.3 1 0
github.com/extmatperez/meli_bootcamp2/11_testing2/proyecto/internal/transactions/repository.go:71.16,73.3 1 0
github.com/extmatperez/meli_bootcamp2/11_testing2/proyecto/internal/transactions/repository.go:77.161,80.16 2 1
github.com/extmatperez/meli_bootcamp2/11_testing2/proyecto/internal/transactions/repository.go:83.2,85.33 2 1
github.com/extmatperez/meli_bootcamp2/11_testing2/proyecto/internal/transactions/repository.go:97.2,97.70 1 0
github.com/extmatperez/meli_bootcamp2/11_testing2/proyecto/internal/transactions/repository.go:80.16,82.3 1 1
github.com/extmatperez/meli_bootcamp2/11_testing2/proyecto/internal/transactions/repository.go:85.33,86.17 1 1
github.com/extmatperez/meli_bootcamp2/11_testing2/proyecto/internal/transactions/repository.go:86.17,90.18 3 1
github.com/extmatperez/meli_bootcamp2/11_testing2/proyecto/internal/transactions/repository.go:94.4,94.23 1 1
github.com/extmatperez/meli_bootcamp2/11_testing2/proyecto/internal/transactions/repository.go:90.18,92.5 1 0
github.com/extmatperez/meli_bootcamp2/11_testing2/proyecto/internal/transactions/repository.go:100.118,103.16 2 1
github.com/extmatperez/meli_bootcamp2/11_testing2/proyecto/internal/transactions/repository.go:106.2,106.33 1 1
github.com/extmatperez/meli_bootcamp2/11_testing2/proyecto/internal/transactions/repository.go:119.2,119.70 1 0
github.com/extmatperez/meli_bootcamp2/11_testing2/proyecto/internal/transactions/repository.go:103.16,105.3 1 0
github.com/extmatperez/meli_bootcamp2/11_testing2/proyecto/internal/transactions/repository.go:106.33,107.17 1 1
github.com/extmatperez/meli_bootcamp2/11_testing2/proyecto/internal/transactions/repository.go:107.17,112.18 4 1
github.com/extmatperez/meli_bootcamp2/11_testing2/proyecto/internal/transactions/repository.go:116.4,116.31 1 1
github.com/extmatperez/meli_bootcamp2/11_testing2/proyecto/internal/transactions/repository.go:112.18,114.5 1 0
github.com/extmatperez/meli_bootcamp2/11_testing2/proyecto/internal/transactions/repository.go:122.46,125.16 2 1
github.com/extmatperez/meli_bootcamp2/11_testing2/proyecto/internal/transactions/repository.go:128.2,128.33 1 1
github.com/extmatperez/meli_bootcamp2/11_testing2/proyecto/internal/transactions/repository.go:139.2,139.55 1 0
github.com/extmatperez/meli_bootcamp2/11_testing2/proyecto/internal/transactions/repository.go:125.16,127.3 1 1
github.com/extmatperez/meli_bootcamp2/11_testing2/proyecto/internal/transactions/repository.go:128.33,129.17 1 1
github.com/extmatperez/meli_bootcamp2/11_testing2/proyecto/internal/transactions/repository.go:129.17,133.18 3 1
github.com/extmatperez/meli_bootcamp2/11_testing2/proyecto/internal/transactions/repository.go:136.4,136.14 1 1
github.com/extmatperez/meli_bootcamp2/11_testing2/proyecto/internal/transactions/repository.go:133.18,135.5 1 0
github.com/extmatperez/meli_bootcamp2/11_testing2/proyecto/internal/transactions/repository.go:144.47,147.16 2 1
github.com/extmatperez/meli_bootcamp2/11_testing2/proyecto/internal/transactions/repository.go:150.2,150.28 1 1
github.com/extmatperez/meli_bootcamp2/11_testing2/proyecto/internal/transactions/repository.go:154.2,154.50 1 1
github.com/extmatperez/meli_bootcamp2/11_testing2/proyecto/internal/transactions/repository.go:147.16,149.3 1 1
github.com/extmatperez/meli_bootcamp2/11_testing2/proyecto/internal/transactions/repository.go:150.28,152.3 1 0
github.com/extmatperez/meli_bootcamp2/11_testing2/proyecto/internal/transactions/service.go:18.42,20.2 1 1
github.com/extmatperez/meli_bootcamp2/11_testing2/proyecto/internal/transactions/service.go:22.76,25.32 2 1
github.com/extmatperez/meli_bootcamp2/11_testing2/proyecto/internal/transactions/service.go:62.2,62.27 1 1
github.com/extmatperez/meli_bootcamp2/11_testing2/proyecto/internal/transactions/service.go:25.32,27.22 2 1
github.com/extmatperez/meli_bootcamp2/11_testing2/proyecto/internal/transactions/service.go:59.3,59.28 1 1
github.com/extmatperez/meli_bootcamp2/11_testing2/proyecto/internal/transactions/service.go:27.22,28.36 1 0
github.com/extmatperez/meli_bootcamp2/11_testing2/proyecto/internal/transactions/service.go:28.36,29.37 1 0
github.com/extmatperez/meli_bootcamp2/11_testing2/proyecto/internal/transactions/service.go:29.37,31.6 1 0
github.com/extmatperez/meli_bootcamp2/11_testing2/proyecto/internal/transactions/service.go:33.9,33.29 1 1
github.com/extmatperez/meli_bootcamp2/11_testing2/proyecto/internal/transactions/service.go:33.29,34.36 1 1
github.com/extmatperez/meli_bootcamp2/11_testing2/proyecto/internal/transactions/service.go:34.36,35.24 1 1
github.com/extmatperez/meli_bootcamp2/11_testing2/proyecto/internal/transactions/service.go:35.24,37.6 1 1
github.com/extmatperez/meli_bootcamp2/11_testing2/proyecto/internal/transactions/service.go:39.9,39.28 1 0
github.com/extmatperez/meli_bootcamp2/11_testing2/proyecto/internal/transactions/service.go:39.28,40.36 1 0
github.com/extmatperez/meli_bootcamp2/11_testing2/proyecto/internal/transactions/service.go:40.36,41.58 1 0
github.com/extmatperez/meli_bootcamp2/11_testing2/proyecto/internal/transactions/service.go:41.58,43.6 1 0
github.com/extmatperez/meli_bootcamp2/11_testing2/proyecto/internal/transactions/service.go:45.9,45.29 1 0
github.com/extmatperez/meli_bootcamp2/11_testing2/proyecto/internal/transactions/service.go:45.29,46.36 1 0
github.com/extmatperez/meli_bootcamp2/11_testing2/proyecto/internal/transactions/service.go:46.36,47.24 1 0
github.com/extmatperez/meli_bootcamp2/11_testing2/proyecto/internal/transactions/service.go:47.24,49.6 1 0
github.com/extmatperez/meli_bootcamp2/11_testing2/proyecto/internal/transactions/service.go:51.9,51.31 1 0
github.com/extmatperez/meli_bootcamp2/11_testing2/proyecto/internal/transactions/service.go:51.31,52.36 1 0
github.com/extmatperez/meli_bootcamp2/11_testing2/proyecto/internal/transactions/service.go:52.36,53.26 1 0
github.com/extmatperez/meli_bootcamp2/11_testing2/proyecto/internal/transactions/service.go:53.26,55.6 1 0
github.com/extmatperez/meli_bootcamp2/11_testing2/proyecto/internal/transactions/service.go:65.67,68.2 2 0
github.com/extmatperez/meli_bootcamp2/11_testing2/proyecto/internal/transactions/service.go:70.146,72.16 2 1
github.com/extmatperez/meli_bootcamp2/11_testing2/proyecto/internal/transactions/service.go:75.2,77.23 3 1
github.com/extmatperez/meli_bootcamp2/11_testing2/proyecto/internal/transactions/service.go:72.16,74.3 1 1
github.com/extmatperez/meli_bootcamp2/11_testing2/proyecto/internal/transactions/service.go:80.155,83.2 2 1
github.com/extmatperez/meli_bootcamp2/11_testing2/proyecto/internal/transactions/service.go:85.112,88.2 2 0
github.com/extmatperez/meli_bootcamp2/11_testing2/proyecto/internal/transactions/service.go:90.40,93.2 2 1
