mode: set
github.com/extmatperez/meli_bootcamp2/12_testing3/turn_morning/internal/transaction/repository.go:39.47,41.2 1 1
github.com/extmatperez/meli_bootcamp2/12_testing3/turn_morning/internal/transaction/repository.go:43.47,45.16 2 1
github.com/extmatperez/meli_bootcamp2/12_testing3/turn_morning/internal/transaction/repository.go:48.2,48.54 1 1
github.com/extmatperez/meli_bootcamp2/12_testing3/turn_morning/internal/transaction/repository.go:45.16,47.3 1 1
github.com/extmatperez/meli_bootcamp2/12_testing3/turn_morning/internal/transaction/repository.go:51.57,53.16 2 1
github.com/extmatperez/meli_bootcamp2/12_testing3/turn_morning/internal/transaction/repository.go:56.2,56.26 1 1
github.com/extmatperez/meli_bootcamp2/12_testing3/turn_morning/internal/transaction/repository.go:53.16,55.3 1 1
github.com/extmatperez/meli_bootcamp2/12_testing3/turn_morning/internal/transaction/repository.go:59.67,61.16 2 1
github.com/extmatperez/meli_bootcamp2/12_testing3/turn_morning/internal/transaction/repository.go:64.2,65.37 2 1
github.com/extmatperez/meli_bootcamp2/12_testing3/turn_morning/internal/transaction/repository.go:71.2,71.25 1 1
github.com/extmatperez/meli_bootcamp2/12_testing3/turn_morning/internal/transaction/repository.go:61.16,63.3 1 1
github.com/extmatperez/meli_bootcamp2/12_testing3/turn_morning/internal/transaction/repository.go:65.37,66.26 1 1
github.com/extmatperez/meli_bootcamp2/12_testing3/turn_morning/internal/transaction/repository.go:66.26,68.9 2 1
github.com/extmatperez/meli_bootcamp2/12_testing3/turn_morning/internal/transaction/repository.go:74.77,76.16 2 1
github.com/extmatperez/meli_bootcamp2/12_testing3/turn_morning/internal/transaction/repository.go:79.2,80.37 2 1
github.com/extmatperez/meli_bootcamp2/12_testing3/turn_morning/internal/transaction/repository.go:86.2,86.25 1 1
github.com/extmatperez/meli_bootcamp2/12_testing3/turn_morning/internal/transaction/repository.go:76.16,78.3 1 1
github.com/extmatperez/meli_bootcamp2/12_testing3/turn_morning/internal/transaction/repository.go:80.37,81.33 1 1
github.com/extmatperez/meli_bootcamp2/12_testing3/turn_morning/internal/transaction/repository.go:81.33,83.9 2 1
github.com/extmatperez/meli_bootcamp2/12_testing3/turn_morning/internal/transaction/repository.go:90.79,94.15 2 1
github.com/extmatperez/meli_bootcamp2/12_testing3/turn_morning/internal/transaction/repository.go:94.15,97.17 2 1
github.com/extmatperez/meli_bootcamp2/12_testing3/turn_morning/internal/transaction/repository.go:100.3,102.17 2 0
github.com/extmatperez/meli_bootcamp2/12_testing3/turn_morning/internal/transaction/repository.go:105.3,108.17 4 0
github.com/extmatperez/meli_bootcamp2/12_testing3/turn_morning/internal/transaction/repository.go:112.3,112.19 1 0
github.com/extmatperez/meli_bootcamp2/12_testing3/turn_morning/internal/transaction/repository.go:97.17,99.4 1 1
github.com/extmatperez/meli_bootcamp2/12_testing3/turn_morning/internal/transaction/repository.go:102.17,104.4 1 0
github.com/extmatperez/meli_bootcamp2/12_testing3/turn_morning/internal/transaction/repository.go:108.17,110.4 1 0
github.com/extmatperez/meli_bootcamp2/12_testing3/turn_morning/internal/transaction/repository.go:113.8,114.17 1 1
github.com/extmatperez/meli_bootcamp2/12_testing3/turn_morning/internal/transaction/repository.go:117.3,120.17 4 1
github.com/extmatperez/meli_bootcamp2/12_testing3/turn_morning/internal/transaction/repository.go:124.3,124.19 1 1
github.com/extmatperez/meli_bootcamp2/12_testing3/turn_morning/internal/transaction/repository.go:114.17,116.4 1 0
github.com/extmatperez/meli_bootcamp2/12_testing3/turn_morning/internal/transaction/repository.go:120.17,122.4 1 0
github.com/extmatperez/meli_bootcamp2/12_testing3/turn_morning/internal/transaction/repository.go:128.83,131.16 2 1
github.com/extmatperez/meli_bootcamp2/12_testing3/turn_morning/internal/transaction/repository.go:134.2,135.16 2 1
github.com/extmatperez/meli_bootcamp2/12_testing3/turn_morning/internal/transaction/repository.go:138.2,143.16 4 1
github.com/extmatperez/meli_bootcamp2/12_testing3/turn_morning/internal/transaction/repository.go:147.2,147.19 1 1
github.com/extmatperez/meli_bootcamp2/12_testing3/turn_morning/internal/transaction/repository.go:131.16,133.3 1 0
github.com/extmatperez/meli_bootcamp2/12_testing3/turn_morning/internal/transaction/repository.go:135.16,136.13 1 0
github.com/extmatperez/meli_bootcamp2/12_testing3/turn_morning/internal/transaction/repository.go:143.16,145.3 1 0
github.com/extmatperez/meli_bootcamp2/12_testing3/turn_morning/internal/transaction/repository.go:152.79,155.16 2 1
github.com/extmatperez/meli_bootcamp2/12_testing3/turn_morning/internal/transaction/repository.go:159.2,167.33 9 1
github.com/extmatperez/meli_bootcamp2/12_testing3/turn_morning/internal/transaction/repository.go:179.2,179.27 1 1
github.com/extmatperez/meli_bootcamp2/12_testing3/turn_morning/internal/transaction/repository.go:155.16,157.3 1 0
github.com/extmatperez/meli_bootcamp2/12_testing3/turn_morning/internal/transaction/repository.go:167.33,168.17 1 1
github.com/extmatperez/meli_bootcamp2/12_testing3/turn_morning/internal/transaction/repository.go:168.17,172.18 4 1
github.com/extmatperez/meli_bootcamp2/12_testing3/turn_morning/internal/transaction/repository.go:175.4,175.27 1 1
github.com/extmatperez/meli_bootcamp2/12_testing3/turn_morning/internal/transaction/repository.go:172.18,174.5 1 0
github.com/extmatperez/meli_bootcamp2/12_testing3/turn_morning/internal/transaction/repository.go:183.83,186.16 2 1
github.com/extmatperez/meli_bootcamp2/12_testing3/turn_morning/internal/transaction/repository.go:190.2,190.33 1 1
github.com/extmatperez/meli_bootcamp2/12_testing3/turn_morning/internal/transaction/repository.go:201.2,201.27 1 0
github.com/extmatperez/meli_bootcamp2/12_testing3/turn_morning/internal/transaction/repository.go:186.16,188.3 1 1
github.com/extmatperez/meli_bootcamp2/12_testing3/turn_morning/internal/transaction/repository.go:190.33,191.17 1 1
github.com/extmatperez/meli_bootcamp2/12_testing3/turn_morning/internal/transaction/repository.go:191.17,194.18 3 1
github.com/extmatperez/meli_bootcamp2/12_testing3/turn_morning/internal/transaction/repository.go:197.4,197.31 1 1
github.com/extmatperez/meli_bootcamp2/12_testing3/turn_morning/internal/transaction/repository.go:194.18,196.5 1 0
github.com/extmatperez/meli_bootcamp2/12_testing3/turn_morning/internal/transaction/repository.go:205.57,208.16 2 1
github.com/extmatperez/meli_bootcamp2/12_testing3/turn_morning/internal/transaction/repository.go:211.2,212.33 2 1
github.com/extmatperez/meli_bootcamp2/12_testing3/turn_morning/internal/transaction/repository.go:223.2,223.55 1 1
github.com/extmatperez/meli_bootcamp2/12_testing3/turn_morning/internal/transaction/repository.go:208.16,210.3 1 0
github.com/extmatperez/meli_bootcamp2/12_testing3/turn_morning/internal/transaction/repository.go:212.33,213.17 1 1
github.com/extmatperez/meli_bootcamp2/12_testing3/turn_morning/internal/transaction/repository.go:213.17,217.18 4 1
github.com/extmatperez/meli_bootcamp2/12_testing3/turn_morning/internal/transaction/repository.go:220.4,220.14 1 1
github.com/extmatperez/meli_bootcamp2/12_testing3/turn_morning/internal/transaction/repository.go:217.18,219.5 1 0
github.com/extmatperez/meli_bootcamp2/12_testing3/turn_morning/internal/transaction/service.go:20.48,22.2 1 1
github.com/extmatperez/meli_bootcamp2/12_testing3/turn_morning/internal/transaction/service.go:24.51,26.16 2 1
github.com/extmatperez/meli_bootcamp2/12_testing3/turn_morning/internal/transaction/service.go:29.2,29.26 1 1
github.com/extmatperez/meli_bootcamp2/12_testing3/turn_morning/internal/transaction/service.go:26.16,28.3 1 0
github.com/extmatperez/meli_bootcamp2/12_testing3/turn_morning/internal/transaction/service.go:32.56,36.16 2 0
github.com/extmatperez/meli_bootcamp2/12_testing3/turn_morning/internal/transaction/service.go:40.2,40.18 1 0
github.com/extmatperez/meli_bootcamp2/12_testing3/turn_morning/internal/transaction/service.go:36.16,38.3 1 0
github.com/extmatperez/meli_bootcamp2/12_testing3/turn_morning/internal/transaction/service.go:44.71,48.16 2 0
github.com/extmatperez/meli_bootcamp2/12_testing3/turn_morning/internal/transaction/service.go:52.2,52.18 1 0
github.com/extmatperez/meli_bootcamp2/12_testing3/turn_morning/internal/transaction/service.go:48.16,50.3 1 0
github.com/extmatperez/meli_bootcamp2/12_testing3/turn_morning/internal/transaction/service.go:57.79,60.16 2 1
github.com/extmatperez/meli_bootcamp2/12_testing3/turn_morning/internal/transaction/service.go:64.2,67.16 2 1
github.com/extmatperez/meli_bootcamp2/12_testing3/turn_morning/internal/transaction/service.go:71.2,71.18 1 1
github.com/extmatperez/meli_bootcamp2/12_testing3/turn_morning/internal/transaction/service.go:60.16,62.3 1 0
github.com/extmatperez/meli_bootcamp2/12_testing3/turn_morning/internal/transaction/service.go:67.16,69.3 1 0
github.com/extmatperez/meli_bootcamp2/12_testing3/turn_morning/internal/transaction/service.go:74.76,77.16 2 1
github.com/extmatperez/meli_bootcamp2/12_testing3/turn_morning/internal/transaction/service.go:81.2,81.18 1 1
github.com/extmatperez/meli_bootcamp2/12_testing3/turn_morning/internal/transaction/service.go:77.16,79.3 1 0
github.com/extmatperez/meli_bootcamp2/12_testing3/turn_morning/internal/transaction/service.go:86.79,90.16 2 1
github.com/extmatperez/meli_bootcamp2/12_testing3/turn_morning/internal/transaction/service.go:94.2,94.18 1 1
github.com/extmatperez/meli_bootcamp2/12_testing3/turn_morning/internal/transaction/service.go:90.16,92.3 1 0
github.com/extmatperez/meli_bootcamp2/12_testing3/turn_morning/internal/transaction/service.go:98.77,101.16 2 0
github.com/extmatperez/meli_bootcamp2/12_testing3/turn_morning/internal/transaction/service.go:105.2,105.18 1 0
github.com/extmatperez/meli_bootcamp2/12_testing3/turn_morning/internal/transaction/service.go:101.16,103.3 1 0
github.com/extmatperez/meli_bootcamp2/12_testing3/turn_morning/internal/transaction/service.go:109.51,112.16 2 1
github.com/extmatperez/meli_bootcamp2/12_testing3/turn_morning/internal/transaction/service.go:116.2,116.12 1 1
github.com/extmatperez/meli_bootcamp2/12_testing3/turn_morning/internal/transaction/service.go:112.16,114.3 1 1
