mode: set
github.com/extmatperez/meli_bootcamp2/tree/vega_rodrigo/hackaton/internal/invoices/repository.go:26.77,28.2 1 1
github.com/extmatperez/meli_bootcamp2/tree/vega_rodrigo/hackaton/internal/invoices/repository.go:30.56,32.16 2 1
github.com/extmatperez/meli_bootcamp2/tree/vega_rodrigo/hackaton/internal/invoices/repository.go:36.2,36.42 1 1
github.com/extmatperez/meli_bootcamp2/tree/vega_rodrigo/hackaton/internal/invoices/repository.go:57.2,57.12 1 0
github.com/extmatperez/meli_bootcamp2/tree/vega_rodrigo/hackaton/internal/invoices/repository.go:32.16,34.3 1 0
github.com/extmatperez/meli_bootcamp2/tree/vega_rodrigo/hackaton/internal/invoices/repository.go:36.42,46.17 9 1
github.com/extmatperez/meli_bootcamp2/tree/vega_rodrigo/hackaton/internal/invoices/repository.go:49.3,53.17 3 1
github.com/extmatperez/meli_bootcamp2/tree/vega_rodrigo/hackaton/internal/invoices/repository.go:46.17,48.4 1 0
github.com/extmatperez/meli_bootcamp2/tree/vega_rodrigo/hackaton/internal/invoices/repository.go:53.17,55.4 1 1
github.com/extmatperez/meli_bootcamp2/tree/vega_rodrigo/hackaton/internal/invoices/repository.go:60.91,65.16 5 1
github.com/extmatperez/meli_bootcamp2/tree/vega_rodrigo/hackaton/internal/invoices/repository.go:68.2,70.21 2 1
github.com/extmatperez/meli_bootcamp2/tree/vega_rodrigo/hackaton/internal/invoices/repository.go:88.2,90.21 3 1
github.com/extmatperez/meli_bootcamp2/tree/vega_rodrigo/hackaton/internal/invoices/repository.go:65.16,67.3 1 0
github.com/extmatperez/meli_bootcamp2/tree/vega_rodrigo/hackaton/internal/invoices/repository.go:70.21,72.17 2 1
github.com/extmatperez/meli_bootcamp2/tree/vega_rodrigo/hackaton/internal/invoices/repository.go:72.17,74.4 1 0
github.com/extmatperez/meli_bootcamp2/tree/vega_rodrigo/hackaton/internal/invoices/repository.go:75.8,78.17 3 1
github.com/extmatperez/meli_bootcamp2/tree/vega_rodrigo/hackaton/internal/invoices/repository.go:81.3,83.17 3 1
github.com/extmatperez/meli_bootcamp2/tree/vega_rodrigo/hackaton/internal/invoices/repository.go:78.17,80.4 1 0
github.com/extmatperez/meli_bootcamp2/tree/vega_rodrigo/hackaton/internal/invoices/repository.go:83.17,85.4 1 1
github.com/extmatperez/meli_bootcamp2/tree/vega_rodrigo/hackaton/internal/invoices/repository.go:93.92,97.16 4 1
github.com/extmatperez/meli_bootcamp2/tree/vega_rodrigo/hackaton/internal/invoices/repository.go:100.2,102.16 3 1
github.com/extmatperez/meli_bootcamp2/tree/vega_rodrigo/hackaton/internal/invoices/repository.go:105.2,106.22 2 1
github.com/extmatperez/meli_bootcamp2/tree/vega_rodrigo/hackaton/internal/invoices/repository.go:109.2,109.21 1 1
github.com/extmatperez/meli_bootcamp2/tree/vega_rodrigo/hackaton/internal/invoices/repository.go:97.16,99.3 1 0
github.com/extmatperez/meli_bootcamp2/tree/vega_rodrigo/hackaton/internal/invoices/repository.go:102.16,104.3 1 0
github.com/extmatperez/meli_bootcamp2/tree/vega_rodrigo/hackaton/internal/invoices/repository.go:106.22,108.3 1 1
github.com/extmatperez/meli_bootcamp2/tree/vega_rodrigo/hackaton/internal/invoices/repository.go:112.61,116.16 4 1
github.com/extmatperez/meli_bootcamp2/tree/vega_rodrigo/hackaton/internal/invoices/repository.go:121.2,121.18 1 1
github.com/extmatperez/meli_bootcamp2/tree/vega_rodrigo/hackaton/internal/invoices/repository.go:131.2,131.26 1 1
github.com/extmatperez/meli_bootcamp2/tree/vega_rodrigo/hackaton/internal/invoices/repository.go:184.2,184.12 1 0
github.com/extmatperez/meli_bootcamp2/tree/vega_rodrigo/hackaton/internal/invoices/repository.go:116.16,119.3 2 0
github.com/extmatperez/meli_bootcamp2/tree/vega_rodrigo/hackaton/internal/invoices/repository.go:121.18,124.17 3 1
github.com/extmatperez/meli_bootcamp2/tree/vega_rodrigo/hackaton/internal/invoices/repository.go:128.3,128.23 1 1
github.com/extmatperez/meli_bootcamp2/tree/vega_rodrigo/hackaton/internal/invoices/repository.go:124.17,127.4 2 0
github.com/extmatperez/meli_bootcamp2/tree/vega_rodrigo/hackaton/internal/invoices/repository.go:131.26,136.17 4 1
github.com/extmatperez/meli_bootcamp2/tree/vega_rodrigo/hackaton/internal/invoices/repository.go:142.3,142.19 1 1
github.com/extmatperez/meli_bootcamp2/tree/vega_rodrigo/hackaton/internal/invoices/repository.go:152.3,152.27 1 1
github.com/extmatperez/meli_bootcamp2/tree/vega_rodrigo/hackaton/internal/invoices/repository.go:170.3,171.17 2 1
github.com/extmatperez/meli_bootcamp2/tree/vega_rodrigo/hackaton/internal/invoices/repository.go:174.3,176.17 3 1
github.com/extmatperez/meli_bootcamp2/tree/vega_rodrigo/hackaton/internal/invoices/repository.go:179.3,180.23 2 1
github.com/extmatperez/meli_bootcamp2/tree/vega_rodrigo/hackaton/internal/invoices/repository.go:136.17,139.4 2 0
github.com/extmatperez/meli_bootcamp2/tree/vega_rodrigo/hackaton/internal/invoices/repository.go:142.19,145.18 3 1
github.com/extmatperez/meli_bootcamp2/tree/vega_rodrigo/hackaton/internal/invoices/repository.go:149.4,149.31 1 1
github.com/extmatperez/meli_bootcamp2/tree/vega_rodrigo/hackaton/internal/invoices/repository.go:145.18,148.5 2 0
github.com/extmatperez/meli_bootcamp2/tree/vega_rodrigo/hackaton/internal/invoices/repository.go:152.27,155.18 3 1
github.com/extmatperez/meli_bootcamp2/tree/vega_rodrigo/hackaton/internal/invoices/repository.go:160.4,160.20 1 1
github.com/extmatperez/meli_bootcamp2/tree/vega_rodrigo/hackaton/internal/invoices/repository.go:166.4,166.52 1 1
github.com/extmatperez/meli_bootcamp2/tree/vega_rodrigo/hackaton/internal/invoices/repository.go:155.18,157.5 1 0
github.com/extmatperez/meli_bootcamp2/tree/vega_rodrigo/hackaton/internal/invoices/repository.go:160.20,162.19 2 1
github.com/extmatperez/meli_bootcamp2/tree/vega_rodrigo/hackaton/internal/invoices/repository.go:162.19,164.6 1 0
github.com/extmatperez/meli_bootcamp2/tree/vega_rodrigo/hackaton/internal/invoices/repository.go:171.17,173.4 1 0
github.com/extmatperez/meli_bootcamp2/tree/vega_rodrigo/hackaton/internal/invoices/repository.go:176.17,178.4 1 0
github.com/extmatperez/meli_bootcamp2/tree/vega_rodrigo/hackaton/internal/invoices/repository.go:180.23,182.4 1 1
github.com/extmatperez/meli_bootcamp2/tree/vega_rodrigo/hackaton/internal/invoices/service.go:16.63,18.2 1 1
github.com/extmatperez/meli_bootcamp2/tree/vega_rodrigo/hackaton/internal/invoices/service.go:20.53,22.2 1 1
github.com/extmatperez/meli_bootcamp2/tree/vega_rodrigo/hackaton/internal/invoices/service.go:24.113,33.16 3 1
github.com/extmatperez/meli_bootcamp2/tree/vega_rodrigo/hackaton/internal/invoices/service.go:37.2,37.15 1 1
github.com/extmatperez/meli_bootcamp2/tree/vega_rodrigo/hackaton/internal/invoices/service.go:33.16,35.3 1 0
github.com/extmatperez/meli_bootcamp2/tree/vega_rodrigo/hackaton/internal/invoices/service.go:40.89,42.2 1 1
github.com/extmatperez/meli_bootcamp2/tree/vega_rodrigo/hackaton/internal/invoices/service.go:44.58,46.2 1 1
