mode: set
github.com/extmatperez/meli_bootcamp2/11_testing2/TM/proyecto/internal/products/service.go:15.42,19.2 1 1
github.com/extmatperez/meli_bootcamp2/11_testing2/TM/proyecto/internal/products/service.go:21.47,23.16 2 1
github.com/extmatperez/meli_bootcamp2/11_testing2/TM/proyecto/internal/products/service.go:26.2,26.22 1 1
github.com/extmatperez/meli_bootcamp2/11_testing2/TM/proyecto/internal/products/service.go:23.16,25.3 1 1
github.com/extmatperez/meli_bootcamp2/11_testing2/TM/proyecto/internal/products/service.go:29.153,31.16 2 1
github.com/extmatperez/meli_bootcamp2/11_testing2/TM/proyecto/internal/products/service.go:34.2,36.16 3 1
github.com/extmatperez/meli_bootcamp2/11_testing2/TM/proyecto/internal/products/service.go:39.2,39.18 1 1
github.com/extmatperez/meli_bootcamp2/11_testing2/TM/proyecto/internal/products/service.go:31.16,33.3 1 1
github.com/extmatperez/meli_bootcamp2/11_testing2/TM/proyecto/internal/products/service.go:36.16,38.3 1 0
github.com/extmatperez/meli_bootcamp2/11_testing2/TM/proyecto/internal/products/service.go:41.155,43.16 2 1
github.com/extmatperez/meli_bootcamp2/11_testing2/TM/proyecto/internal/products/service.go:46.2,46.18 1 1
github.com/extmatperez/meli_bootcamp2/11_testing2/TM/proyecto/internal/products/service.go:43.16,45.3 1 0
github.com/extmatperez/meli_bootcamp2/11_testing2/TM/proyecto/internal/products/service.go:48.83,50.16 2 1
github.com/extmatperez/meli_bootcamp2/11_testing2/TM/proyecto/internal/products/service.go:53.2,53.18 1 1
github.com/extmatperez/meli_bootcamp2/11_testing2/TM/proyecto/internal/products/service.go:50.16,52.3 1 1
github.com/extmatperez/meli_bootcamp2/11_testing2/TM/proyecto/internal/products/service.go:55.40,57.16 2 1
github.com/extmatperez/meli_bootcamp2/11_testing2/TM/proyecto/internal/products/service.go:60.2,60.12 1 1
github.com/extmatperez/meli_bootcamp2/11_testing2/TM/proyecto/internal/products/service.go:57.16,59.3 1 0
github.com/extmatperez/meli_bootcamp2/11_testing2/TM/proyecto/internal/products/repository.go:36.47,38.2 1 1
github.com/extmatperez/meli_bootcamp2/11_testing2/TM/proyecto/internal/products/repository.go:40.53,42.16 2 1
github.com/extmatperez/meli_bootcamp2/11_testing2/TM/proyecto/internal/products/repository.go:45.2,45.22 1 1
github.com/extmatperez/meli_bootcamp2/11_testing2/TM/proyecto/internal/products/repository.go:42.16,44.3 1 1
github.com/extmatperez/meli_bootcamp2/11_testing2/TM/proyecto/internal/products/repository.go:48.160,50.16 2 1
github.com/extmatperez/meli_bootcamp2/11_testing2/TM/proyecto/internal/products/repository.go:53.2,58.17 4 1
github.com/extmatperez/meli_bootcamp2/11_testing2/TM/proyecto/internal/products/repository.go:61.2,61.18 1 1
github.com/extmatperez/meli_bootcamp2/11_testing2/TM/proyecto/internal/products/repository.go:50.16,52.3 1 0
github.com/extmatperez/meli_bootcamp2/11_testing2/TM/proyecto/internal/products/repository.go:58.17,60.3 1 0
github.com/extmatperez/meli_bootcamp2/11_testing2/TM/proyecto/internal/products/repository.go:64.161,66.16 2 1
github.com/extmatperez/meli_bootcamp2/11_testing2/TM/proyecto/internal/products/repository.go:69.2,70.26 2 1
github.com/extmatperez/meli_bootcamp2/11_testing2/TM/proyecto/internal/products/repository.go:76.2,76.59 1 1
github.com/extmatperez/meli_bootcamp2/11_testing2/TM/proyecto/internal/products/repository.go:66.16,68.3 1 0
github.com/extmatperez/meli_bootcamp2/11_testing2/TM/proyecto/internal/products/repository.go:70.26,71.27 1 1
github.com/extmatperez/meli_bootcamp2/11_testing2/TM/proyecto/internal/products/repository.go:71.27,74.4 2 1
github.com/extmatperez/meli_bootcamp2/11_testing2/TM/proyecto/internal/products/repository.go:79.47,81.16 2 1
github.com/extmatperez/meli_bootcamp2/11_testing2/TM/proyecto/internal/products/repository.go:84.2,84.24 1 1
github.com/extmatperez/meli_bootcamp2/11_testing2/TM/proyecto/internal/products/repository.go:87.2,87.42 1 1
github.com/extmatperez/meli_bootcamp2/11_testing2/TM/proyecto/internal/products/repository.go:81.16,83.3 1 1
github.com/extmatperez/meli_bootcamp2/11_testing2/TM/proyecto/internal/products/repository.go:84.24,86.3 1 1
github.com/extmatperez/meli_bootcamp2/11_testing2/TM/proyecto/internal/products/repository.go:90.89,92.16 2 1
github.com/extmatperez/meli_bootcamp2/11_testing2/TM/proyecto/internal/products/repository.go:95.2,95.26 1 1
github.com/extmatperez/meli_bootcamp2/11_testing2/TM/proyecto/internal/products/repository.go:102.2,102.59 1 1
github.com/extmatperez/meli_bootcamp2/11_testing2/TM/proyecto/internal/products/repository.go:92.16,94.3 1 0
github.com/extmatperez/meli_bootcamp2/11_testing2/TM/proyecto/internal/products/repository.go:95.26,96.27 1 1
github.com/extmatperez/meli_bootcamp2/11_testing2/TM/proyecto/internal/products/repository.go:96.27,100.4 3 1
github.com/extmatperez/meli_bootcamp2/11_testing2/TM/proyecto/internal/products/repository.go:104.46,106.16 2 1
github.com/extmatperez/meli_bootcamp2/11_testing2/TM/proyecto/internal/products/repository.go:109.2,109.26 1 1
github.com/extmatperez/meli_bootcamp2/11_testing2/TM/proyecto/internal/products/repository.go:116.2,116.48 1 0
github.com/extmatperez/meli_bootcamp2/11_testing2/TM/proyecto/internal/products/repository.go:106.16,108.3 1 0
github.com/extmatperez/meli_bootcamp2/11_testing2/TM/proyecto/internal/products/repository.go:109.26,110.27 1 1
github.com/extmatperez/meli_bootcamp2/11_testing2/TM/proyecto/internal/products/repository.go:110.27,114.4 3 1
