mode: set
github.com/extmatperez/meli_bootcamp2/11_testing2/turn_afternoon/internal/transaction/repository.go:24.39,28.16 3 0
github.com/extmatperez/meli_bootcamp2/11_testing2/turn_afternoon/internal/transaction/repository.go:32.2,32.29 1 0
github.com/extmatperez/meli_bootcamp2/11_testing2/turn_afternoon/internal/transaction/repository.go:28.16,30.3 1 0
github.com/extmatperez/meli_bootcamp2/11_testing2/turn_afternoon/internal/transaction/repository.go:35.48,38.60 2 0
github.com/extmatperez/meli_bootcamp2/11_testing2/turn_afternoon/internal/transaction/repository.go:42.2,42.21 1 0
github.com/extmatperez/meli_bootcamp2/11_testing2/turn_afternoon/internal/transaction/repository.go:38.60,40.3 1 0
github.com/extmatperez/meli_bootcamp2/11_testing2/turn_afternoon/internal/transaction/repository.go:45.45,53.16 5 0
github.com/extmatperez/meli_bootcamp2/11_testing2/turn_afternoon/internal/transaction/repository.go:53.16,54.13 1 0
github.com/extmatperez/meli_bootcamp2/11_testing2/turn_afternoon/internal/transaction/repository.go:76.47,78.2 1 1
github.com/extmatperez/meli_bootcamp2/11_testing2/turn_afternoon/internal/transaction/repository.go:80.47,82.16 2 0
github.com/extmatperez/meli_bootcamp2/11_testing2/turn_afternoon/internal/transaction/repository.go:85.2,85.54 1 0
github.com/extmatperez/meli_bootcamp2/11_testing2/turn_afternoon/internal/transaction/repository.go:82.16,84.3 1 0
github.com/extmatperez/meli_bootcamp2/11_testing2/turn_afternoon/internal/transaction/repository.go:88.57,90.16 2 1
github.com/extmatperez/meli_bootcamp2/11_testing2/turn_afternoon/internal/transaction/repository.go:93.2,93.26 1 1
github.com/extmatperez/meli_bootcamp2/11_testing2/turn_afternoon/internal/transaction/repository.go:90.16,92.3 1 0
github.com/extmatperez/meli_bootcamp2/11_testing2/turn_afternoon/internal/transaction/repository.go:96.67,98.16 2 0
github.com/extmatperez/meli_bootcamp2/11_testing2/turn_afternoon/internal/transaction/repository.go:101.2,102.37 2 0
github.com/extmatperez/meli_bootcamp2/11_testing2/turn_afternoon/internal/transaction/repository.go:108.2,108.25 1 0
github.com/extmatperez/meli_bootcamp2/11_testing2/turn_afternoon/internal/transaction/repository.go:98.16,100.3 1 0
github.com/extmatperez/meli_bootcamp2/11_testing2/turn_afternoon/internal/transaction/repository.go:102.37,103.26 1 0
github.com/extmatperez/meli_bootcamp2/11_testing2/turn_afternoon/internal/transaction/repository.go:103.26,105.9 2 0
github.com/extmatperez/meli_bootcamp2/11_testing2/turn_afternoon/internal/transaction/repository.go:111.77,113.16 2 0
github.com/extmatperez/meli_bootcamp2/11_testing2/turn_afternoon/internal/transaction/repository.go:116.2,117.37 2 0
github.com/extmatperez/meli_bootcamp2/11_testing2/turn_afternoon/internal/transaction/repository.go:123.2,123.25 1 0
github.com/extmatperez/meli_bootcamp2/11_testing2/turn_afternoon/internal/transaction/repository.go:113.16,115.3 1 0
github.com/extmatperez/meli_bootcamp2/11_testing2/turn_afternoon/internal/transaction/repository.go:117.37,118.33 1 0
github.com/extmatperez/meli_bootcamp2/11_testing2/turn_afternoon/internal/transaction/repository.go:118.33,120.9 2 0
github.com/extmatperez/meli_bootcamp2/11_testing2/turn_afternoon/internal/transaction/repository.go:127.79,131.15 2 0
github.com/extmatperez/meli_bootcamp2/11_testing2/turn_afternoon/internal/transaction/repository.go:131.15,135.17 3 0
github.com/extmatperez/meli_bootcamp2/11_testing2/turn_afternoon/internal/transaction/repository.go:138.3,141.17 4 0
github.com/extmatperez/meli_bootcamp2/11_testing2/turn_afternoon/internal/transaction/repository.go:145.3,145.19 1 0
github.com/extmatperez/meli_bootcamp2/11_testing2/turn_afternoon/internal/transaction/repository.go:135.17,137.4 1 0
github.com/extmatperez/meli_bootcamp2/11_testing2/turn_afternoon/internal/transaction/repository.go:141.17,143.4 1 0
github.com/extmatperez/meli_bootcamp2/11_testing2/turn_afternoon/internal/transaction/repository.go:146.8,147.17 1 0
github.com/extmatperez/meli_bootcamp2/11_testing2/turn_afternoon/internal/transaction/repository.go:150.3,153.17 4 0
github.com/extmatperez/meli_bootcamp2/11_testing2/turn_afternoon/internal/transaction/repository.go:157.3,157.19 1 0
github.com/extmatperez/meli_bootcamp2/11_testing2/turn_afternoon/internal/transaction/repository.go:147.17,149.4 1 0
github.com/extmatperez/meli_bootcamp2/11_testing2/turn_afternoon/internal/transaction/repository.go:153.17,155.4 1 0
github.com/extmatperez/meli_bootcamp2/11_testing2/turn_afternoon/internal/transaction/repository.go:161.83,164.16 2 0
github.com/extmatperez/meli_bootcamp2/11_testing2/turn_afternoon/internal/transaction/repository.go:167.2,168.16 2 0
github.com/extmatperez/meli_bootcamp2/11_testing2/turn_afternoon/internal/transaction/repository.go:171.2,176.16 4 0
github.com/extmatperez/meli_bootcamp2/11_testing2/turn_afternoon/internal/transaction/repository.go:180.2,180.19 1 0
github.com/extmatperez/meli_bootcamp2/11_testing2/turn_afternoon/internal/transaction/repository.go:164.16,166.3 1 0
github.com/extmatperez/meli_bootcamp2/11_testing2/turn_afternoon/internal/transaction/repository.go:168.16,169.13 1 0
github.com/extmatperez/meli_bootcamp2/11_testing2/turn_afternoon/internal/transaction/repository.go:176.16,178.3 1 0
github.com/extmatperez/meli_bootcamp2/11_testing2/turn_afternoon/internal/transaction/repository.go:185.79,188.16 2 0
github.com/extmatperez/meli_bootcamp2/11_testing2/turn_afternoon/internal/transaction/repository.go:192.2,200.33 9 0
github.com/extmatperez/meli_bootcamp2/11_testing2/turn_afternoon/internal/transaction/repository.go:212.2,212.27 1 0
github.com/extmatperez/meli_bootcamp2/11_testing2/turn_afternoon/internal/transaction/repository.go:188.16,190.3 1 0
github.com/extmatperez/meli_bootcamp2/11_testing2/turn_afternoon/internal/transaction/repository.go:200.33,201.17 1 0
github.com/extmatperez/meli_bootcamp2/11_testing2/turn_afternoon/internal/transaction/repository.go:201.17,205.18 4 0
github.com/extmatperez/meli_bootcamp2/11_testing2/turn_afternoon/internal/transaction/repository.go:208.4,208.27 1 0
github.com/extmatperez/meli_bootcamp2/11_testing2/turn_afternoon/internal/transaction/repository.go:205.18,207.5 1 0
github.com/extmatperez/meli_bootcamp2/11_testing2/turn_afternoon/internal/transaction/repository.go:216.83,219.16 2 1
github.com/extmatperez/meli_bootcamp2/11_testing2/turn_afternoon/internal/transaction/repository.go:223.2,223.33 1 1
github.com/extmatperez/meli_bootcamp2/11_testing2/turn_afternoon/internal/transaction/repository.go:234.2,234.27 1 0
github.com/extmatperez/meli_bootcamp2/11_testing2/turn_afternoon/internal/transaction/repository.go:219.16,221.3 1 0
github.com/extmatperez/meli_bootcamp2/11_testing2/turn_afternoon/internal/transaction/repository.go:223.33,224.17 1 1
github.com/extmatperez/meli_bootcamp2/11_testing2/turn_afternoon/internal/transaction/repository.go:224.17,227.18 3 1
github.com/extmatperez/meli_bootcamp2/11_testing2/turn_afternoon/internal/transaction/repository.go:230.4,230.31 1 1
github.com/extmatperez/meli_bootcamp2/11_testing2/turn_afternoon/internal/transaction/repository.go:227.18,229.5 1 1
github.com/extmatperez/meli_bootcamp2/11_testing2/turn_afternoon/internal/transaction/repository.go:238.57,241.16 2 0
github.com/extmatperez/meli_bootcamp2/11_testing2/turn_afternoon/internal/transaction/repository.go:244.2,245.33 2 0
github.com/extmatperez/meli_bootcamp2/11_testing2/turn_afternoon/internal/transaction/repository.go:256.2,256.50 1 0
github.com/extmatperez/meli_bootcamp2/11_testing2/turn_afternoon/internal/transaction/repository.go:241.16,243.3 1 0
github.com/extmatperez/meli_bootcamp2/11_testing2/turn_afternoon/internal/transaction/repository.go:245.33,246.17 1 0
github.com/extmatperez/meli_bootcamp2/11_testing2/turn_afternoon/internal/transaction/repository.go:246.17,250.18 4 0
github.com/extmatperez/meli_bootcamp2/11_testing2/turn_afternoon/internal/transaction/repository.go:253.4,253.14 1 0
github.com/extmatperez/meli_bootcamp2/11_testing2/turn_afternoon/internal/transaction/repository.go:250.18,252.5 1 0
github.com/extmatperez/meli_bootcamp2/11_testing2/turn_afternoon/internal/transaction/service.go:20.48,22.2 1 0
github.com/extmatperez/meli_bootcamp2/11_testing2/turn_afternoon/internal/transaction/service.go:24.51,26.16 2 0
github.com/extmatperez/meli_bootcamp2/11_testing2/turn_afternoon/internal/transaction/service.go:29.2,29.26 1 0
github.com/extmatperez/meli_bootcamp2/11_testing2/turn_afternoon/internal/transaction/service.go:26.16,28.3 1 0
github.com/extmatperez/meli_bootcamp2/11_testing2/turn_afternoon/internal/transaction/service.go:32.56,36.16 2 0
github.com/extmatperez/meli_bootcamp2/11_testing2/turn_afternoon/internal/transaction/service.go:40.2,40.18 1 0
github.com/extmatperez/meli_bootcamp2/11_testing2/turn_afternoon/internal/transaction/service.go:36.16,38.3 1 0
github.com/extmatperez/meli_bootcamp2/11_testing2/turn_afternoon/internal/transaction/service.go:44.71,48.16 2 0
github.com/extmatperez/meli_bootcamp2/11_testing2/turn_afternoon/internal/transaction/service.go:52.2,52.18 1 0
github.com/extmatperez/meli_bootcamp2/11_testing2/turn_afternoon/internal/transaction/service.go:48.16,50.3 1 0
github.com/extmatperez/meli_bootcamp2/11_testing2/turn_afternoon/internal/transaction/service.go:57.79,60.16 2 0
github.com/extmatperez/meli_bootcamp2/11_testing2/turn_afternoon/internal/transaction/service.go:64.2,67.16 2 0
github.com/extmatperez/meli_bootcamp2/11_testing2/turn_afternoon/internal/transaction/service.go:71.2,71.18 1 0
github.com/extmatperez/meli_bootcamp2/11_testing2/turn_afternoon/internal/transaction/service.go:60.16,62.3 1 0
github.com/extmatperez/meli_bootcamp2/11_testing2/turn_afternoon/internal/transaction/service.go:67.16,69.3 1 0
github.com/extmatperez/meli_bootcamp2/11_testing2/turn_afternoon/internal/transaction/service.go:74.76,77.16 2 0
github.com/extmatperez/meli_bootcamp2/11_testing2/turn_afternoon/internal/transaction/service.go:81.2,81.18 1 0
github.com/extmatperez/meli_bootcamp2/11_testing2/turn_afternoon/internal/transaction/service.go:77.16,79.3 1 0
github.com/extmatperez/meli_bootcamp2/11_testing2/turn_afternoon/internal/transaction/service.go:86.79,90.16 2 0
github.com/extmatperez/meli_bootcamp2/11_testing2/turn_afternoon/internal/transaction/service.go:94.2,94.18 1 0
github.com/extmatperez/meli_bootcamp2/11_testing2/turn_afternoon/internal/transaction/service.go:90.16,92.3 1 0
github.com/extmatperez/meli_bootcamp2/11_testing2/turn_afternoon/internal/transaction/service.go:98.77,101.16 2 0
github.com/extmatperez/meli_bootcamp2/11_testing2/turn_afternoon/internal/transaction/service.go:105.2,105.18 1 0
github.com/extmatperez/meli_bootcamp2/11_testing2/turn_afternoon/internal/transaction/service.go:101.16,103.3 1 0
github.com/extmatperez/meli_bootcamp2/11_testing2/turn_afternoon/internal/transaction/service.go:109.51,112.16 2 0
github.com/extmatperez/meli_bootcamp2/11_testing2/turn_afternoon/internal/transaction/service.go:116.2,116.12 1 0
github.com/extmatperez/meli_bootcamp2/11_testing2/turn_afternoon/internal/transaction/service.go:112.16,114.3 1 0
