mode: set
github.com/extmatperez/meli_bootcamp2/tree/vega_rodrigo/hackaton/internal/sales/repository.go:27.71,29.2 1 1
github.com/extmatperez/meli_bootcamp2/tree/vega_rodrigo/hackaton/internal/sales/repository.go:31.50,33.16 2 1
github.com/extmatperez/meli_bootcamp2/tree/vega_rodrigo/hackaton/internal/sales/repository.go:37.2,37.36 1 1
github.com/extmatperez/meli_bootcamp2/tree/vega_rodrigo/hackaton/internal/sales/repository.go:58.2,58.12 1 0
github.com/extmatperez/meli_bootcamp2/tree/vega_rodrigo/hackaton/internal/sales/repository.go:33.16,35.3 1 0
github.com/extmatperez/meli_bootcamp2/tree/vega_rodrigo/hackaton/internal/sales/repository.go:37.36,47.17 9 1
github.com/extmatperez/meli_bootcamp2/tree/vega_rodrigo/hackaton/internal/sales/repository.go:50.3,54.17 3 1
github.com/extmatperez/meli_bootcamp2/tree/vega_rodrigo/hackaton/internal/sales/repository.go:47.17,49.4 1 0
github.com/extmatperez/meli_bootcamp2/tree/vega_rodrigo/hackaton/internal/sales/repository.go:54.17,56.4 1 1
github.com/extmatperez/meli_bootcamp2/tree/vega_rodrigo/hackaton/internal/sales/repository.go:61.76,66.16 5 1
github.com/extmatperez/meli_bootcamp2/tree/vega_rodrigo/hackaton/internal/sales/repository.go:69.2,71.18 2 1
github.com/extmatperez/meli_bootcamp2/tree/vega_rodrigo/hackaton/internal/sales/repository.go:89.2,91.18 3 1
github.com/extmatperez/meli_bootcamp2/tree/vega_rodrigo/hackaton/internal/sales/repository.go:66.16,68.3 1 0
github.com/extmatperez/meli_bootcamp2/tree/vega_rodrigo/hackaton/internal/sales/repository.go:71.18,73.17 2 1
github.com/extmatperez/meli_bootcamp2/tree/vega_rodrigo/hackaton/internal/sales/repository.go:73.17,75.4 1 0
github.com/extmatperez/meli_bootcamp2/tree/vega_rodrigo/hackaton/internal/sales/repository.go:76.8,79.17 3 1
github.com/extmatperez/meli_bootcamp2/tree/vega_rodrigo/hackaton/internal/sales/repository.go:82.3,84.17 3 1
github.com/extmatperez/meli_bootcamp2/tree/vega_rodrigo/hackaton/internal/sales/repository.go:79.17,81.4 1 0
github.com/extmatperez/meli_bootcamp2/tree/vega_rodrigo/hackaton/internal/sales/repository.go:84.17,86.4 1 1
github.com/extmatperez/meli_bootcamp2/tree/vega_rodrigo/hackaton/internal/sales/repository.go:94.77,98.16 4 1
github.com/extmatperez/meli_bootcamp2/tree/vega_rodrigo/hackaton/internal/sales/repository.go:101.2,103.16 3 1
github.com/extmatperez/meli_bootcamp2/tree/vega_rodrigo/hackaton/internal/sales/repository.go:106.2,107.22 2 1
github.com/extmatperez/meli_bootcamp2/tree/vega_rodrigo/hackaton/internal/sales/repository.go:110.2,110.18 1 0
github.com/extmatperez/meli_bootcamp2/tree/vega_rodrigo/hackaton/internal/sales/repository.go:98.16,100.3 1 0
github.com/extmatperez/meli_bootcamp2/tree/vega_rodrigo/hackaton/internal/sales/repository.go:103.16,105.3 1 0
github.com/extmatperez/meli_bootcamp2/tree/vega_rodrigo/hackaton/internal/sales/repository.go:107.22,109.3 1 1
github.com/extmatperez/meli_bootcamp2/tree/vega_rodrigo/hackaton/internal/sales/service.go:15.54,17.2 1 1
github.com/extmatperez/meli_bootcamp2/tree/vega_rodrigo/hackaton/internal/sales/service.go:19.47,21.2 1 1
github.com/extmatperez/meli_bootcamp2/tree/vega_rodrigo/hackaton/internal/sales/service.go:23.93,32.16 3 1
github.com/extmatperez/meli_bootcamp2/tree/vega_rodrigo/hackaton/internal/sales/service.go:36.2,36.15 1 1
github.com/extmatperez/meli_bootcamp2/tree/vega_rodrigo/hackaton/internal/sales/service.go:32.16,34.3 1 0
github.com/extmatperez/meli_bootcamp2/tree/vega_rodrigo/hackaton/internal/sales/service.go:39.74,41.2 1 1
