mode: set
github.com/extmatperez/meli_bootcamp2/12_testing3/TM/proyecto/internal/productos/repository.go:36.47,38.2 1 1
github.com/extmatperez/meli_bootcamp2/12_testing3/TM/proyecto/internal/productos/repository.go:61.51,67.16 2 1
github.com/extmatperez/meli_bootcamp2/12_testing3/TM/proyecto/internal/productos/repository.go:71.2,71.23 1 1
github.com/extmatperez/meli_bootcamp2/12_testing3/TM/proyecto/internal/productos/repository.go:67.16,69.3 1 1
github.com/extmatperez/meli_bootcamp2/12_testing3/TM/proyecto/internal/productos/repository.go:74.162,80.16 2 1
github.com/extmatperez/meli_bootcamp2/12_testing3/TM/proyecto/internal/productos/repository.go:84.2,92.16 4 1
github.com/extmatperez/meli_bootcamp2/12_testing3/TM/proyecto/internal/productos/repository.go:96.2,96.27 1 1
github.com/extmatperez/meli_bootcamp2/12_testing3/TM/proyecto/internal/productos/repository.go:80.16,82.3 1 0
github.com/extmatperez/meli_bootcamp2/12_testing3/TM/proyecto/internal/productos/repository.go:92.16,94.3 1 0
github.com/extmatperez/meli_bootcamp2/12_testing3/TM/proyecto/internal/productos/repository.go:99.44,105.16 2 1
github.com/extmatperez/meli_bootcamp2/12_testing3/TM/proyecto/internal/productos/repository.go:109.2,109.25 1 1
github.com/extmatperez/meli_bootcamp2/12_testing3/TM/proyecto/internal/productos/repository.go:113.2,115.20 2 1
github.com/extmatperez/meli_bootcamp2/12_testing3/TM/proyecto/internal/productos/repository.go:105.16,107.3 1 1
github.com/extmatperez/meli_bootcamp2/12_testing3/TM/proyecto/internal/productos/repository.go:109.25,111.3 1 0
github.com/extmatperez/meli_bootcamp2/12_testing3/TM/proyecto/internal/productos/repository.go:118.163,124.16 2 1
github.com/extmatperez/meli_bootcamp2/12_testing3/TM/proyecto/internal/productos/repository.go:128.2,130.30 2 1
github.com/extmatperez/meli_bootcamp2/12_testing3/TM/proyecto/internal/productos/repository.go:145.2,145.63 1 1
github.com/extmatperez/meli_bootcamp2/12_testing3/TM/proyecto/internal/productos/repository.go:124.16,126.3 1 0
github.com/extmatperez/meli_bootcamp2/12_testing3/TM/proyecto/internal/productos/repository.go:130.30,131.17 1 1
github.com/extmatperez/meli_bootcamp2/12_testing3/TM/proyecto/internal/productos/repository.go:131.17,137.18 3 1
github.com/extmatperez/meli_bootcamp2/12_testing3/TM/proyecto/internal/productos/repository.go:141.4,141.35 1 1
github.com/extmatperez/meli_bootcamp2/12_testing3/TM/proyecto/internal/productos/repository.go:137.18,139.5 1 0
github.com/extmatperez/meli_bootcamp2/12_testing3/TM/proyecto/internal/productos/repository.go:148.43,154.16 2 1
github.com/extmatperez/meli_bootcamp2/12_testing3/TM/proyecto/internal/productos/repository.go:158.2,160.30 2 1
github.com/extmatperez/meli_bootcamp2/12_testing3/TM/proyecto/internal/productos/repository.go:178.2,178.51 1 1
github.com/extmatperez/meli_bootcamp2/12_testing3/TM/proyecto/internal/productos/repository.go:154.16,156.3 1 0
github.com/extmatperez/meli_bootcamp2/12_testing3/TM/proyecto/internal/productos/repository.go:160.30,162.17 1 1
github.com/extmatperez/meli_bootcamp2/12_testing3/TM/proyecto/internal/productos/repository.go:162.17,169.18 4 1
github.com/extmatperez/meli_bootcamp2/12_testing3/TM/proyecto/internal/productos/repository.go:173.4,173.14 1 1
github.com/extmatperez/meli_bootcamp2/12_testing3/TM/proyecto/internal/productos/repository.go:169.18,171.5 1 0
github.com/extmatperez/meli_bootcamp2/12_testing3/TM/proyecto/internal/productos/repository.go:181.97,187.16 2 0
github.com/extmatperez/meli_bootcamp2/12_testing3/TM/proyecto/internal/productos/repository.go:191.2,191.30 1 0
github.com/extmatperez/meli_bootcamp2/12_testing3/TM/proyecto/internal/productos/repository.go:208.2,208.63 1 0
github.com/extmatperez/meli_bootcamp2/12_testing3/TM/proyecto/internal/productos/repository.go:187.16,189.3 1 0
github.com/extmatperez/meli_bootcamp2/12_testing3/TM/proyecto/internal/productos/repository.go:191.30,193.17 1 0
github.com/extmatperez/meli_bootcamp2/12_testing3/TM/proyecto/internal/productos/repository.go:193.17,200.18 4 0
github.com/extmatperez/meli_bootcamp2/12_testing3/TM/proyecto/internal/productos/repository.go:204.4,204.28 1 0
github.com/extmatperez/meli_bootcamp2/12_testing3/TM/proyecto/internal/productos/repository.go:200.18,202.5 1 0
github.com/extmatperez/meli_bootcamp2/12_testing3/TM/proyecto/internal/productos/service.go:15.48,17.2 1 1
github.com/extmatperez/meli_bootcamp2/12_testing3/TM/proyecto/internal/productos/service.go:19.48,23.16 2 1
github.com/extmatperez/meli_bootcamp2/12_testing3/TM/proyecto/internal/productos/service.go:27.2,27.23 1 1
github.com/extmatperez/meli_bootcamp2/12_testing3/TM/proyecto/internal/productos/service.go:23.16,25.3 1 1
github.com/extmatperez/meli_bootcamp2/12_testing3/TM/proyecto/internal/productos/service.go:30.151,34.16 2 1
github.com/extmatperez/meli_bootcamp2/12_testing3/TM/proyecto/internal/productos/service.go:38.2,40.16 2 1
github.com/extmatperez/meli_bootcamp2/12_testing3/TM/proyecto/internal/productos/service.go:44.2,44.27 1 1
github.com/extmatperez/meli_bootcamp2/12_testing3/TM/proyecto/internal/productos/service.go:34.16,36.3 1 1
github.com/extmatperez/meli_bootcamp2/12_testing3/TM/proyecto/internal/productos/service.go:40.16,42.3 1 0
github.com/extmatperez/meli_bootcamp2/12_testing3/TM/proyecto/internal/productos/service.go:47.160,49.2 1 1
github.com/extmatperez/meli_bootcamp2/12_testing3/TM/proyecto/internal/productos/service.go:51.40,53.2 1 1
github.com/extmatperez/meli_bootcamp2/12_testing3/TM/proyecto/internal/productos/service.go:55.94,57.2 1 0
