mode: set
github.com/extmatperez/meli_bootcamp2/tree/bouza_facundo/12_testing3/PracticaTM/internal/transacciones/service.go:19.48,21.2 1 1
github.com/extmatperez/meli_bootcamp2/tree/bouza_facundo/12_testing3/PracticaTM/internal/transacciones/service.go:23.54,25.16 2 0
github.com/extmatperez/meli_bootcamp2/tree/bouza_facundo/12_testing3/PracticaTM/internal/transacciones/service.go:28.2,28.27 1 0
github.com/extmatperez/meli_bootcamp2/tree/bouza_facundo/12_testing3/PracticaTM/internal/transacciones/service.go:25.16,27.3 1 0
github.com/extmatperez/meli_bootcamp2/tree/bouza_facundo/12_testing3/PracticaTM/internal/transacciones/service.go:31.132,33.16 2 0
github.com/extmatperez/meli_bootcamp2/tree/bouza_facundo/12_testing3/PracticaTM/internal/transacciones/service.go:37.2,37.25 1 0
github.com/extmatperez/meli_bootcamp2/tree/bouza_facundo/12_testing3/PracticaTM/internal/transacciones/service.go:33.16,35.3 1 0
github.com/extmatperez/meli_bootcamp2/tree/bouza_facundo/12_testing3/PracticaTM/internal/transacciones/service.go:40.61,42.2 1 1
github.com/extmatperez/meli_bootcamp2/tree/bouza_facundo/12_testing3/PracticaTM/internal/transacciones/service.go:44.106,46.16 2 0
github.com/extmatperez/meli_bootcamp2/tree/bouza_facundo/12_testing3/PracticaTM/internal/transacciones/service.go:49.2,49.30 1 0
github.com/extmatperez/meli_bootcamp2/tree/bouza_facundo/12_testing3/PracticaTM/internal/transacciones/service.go:54.2,54.28 1 0
github.com/extmatperez/meli_bootcamp2/tree/bouza_facundo/12_testing3/PracticaTM/internal/transacciones/service.go:46.16,48.3 1 0
github.com/extmatperez/meli_bootcamp2/tree/bouza_facundo/12_testing3/PracticaTM/internal/transacciones/service.go:49.30,51.3 1 0
github.com/extmatperez/meli_bootcamp2/tree/bouza_facundo/12_testing3/PracticaTM/internal/transacciones/service.go:51.8,53.3 1 0
github.com/extmatperez/meli_bootcamp2/tree/bouza_facundo/12_testing3/PracticaTM/internal/transacciones/service.go:57.141,59.2 1 1
github.com/extmatperez/meli_bootcamp2/tree/bouza_facundo/12_testing3/PracticaTM/internal/transacciones/service.go:61.58,63.2 1 1
github.com/extmatperez/meli_bootcamp2/tree/bouza_facundo/12_testing3/PracticaTM/internal/transacciones/service.go:65.108,67.2 1 0
github.com/extmatperez/meli_bootcamp2/tree/bouza_facundo/12_testing3/PracticaTM/internal/transacciones/repository.go:40.47,42.2 1 1
github.com/extmatperez/meli_bootcamp2/tree/bouza_facundo/12_testing3/PracticaTM/internal/transacciones/repository.go:44.57,47.16 2 1
github.com/extmatperez/meli_bootcamp2/tree/bouza_facundo/12_testing3/PracticaTM/internal/transacciones/repository.go:50.2,50.27 1 1
github.com/extmatperez/meli_bootcamp2/tree/bouza_facundo/12_testing3/PracticaTM/internal/transacciones/repository.go:47.16,49.3 1 0
github.com/extmatperez/meli_bootcamp2/tree/bouza_facundo/12_testing3/PracticaTM/internal/transacciones/repository.go:53.135,56.16 2 0
github.com/extmatperez/meli_bootcamp2/tree/bouza_facundo/12_testing3/PracticaTM/internal/transacciones/repository.go:60.2,62.16 3 0
github.com/extmatperez/meli_bootcamp2/tree/bouza_facundo/12_testing3/PracticaTM/internal/transacciones/repository.go:56.16,58.3 1 0
github.com/extmatperez/meli_bootcamp2/tree/bouza_facundo/12_testing3/PracticaTM/internal/transacciones/repository.go:62.16,64.3 1 0
github.com/extmatperez/meli_bootcamp2/tree/bouza_facundo/12_testing3/PracticaTM/internal/transacciones/repository.go:64.8,66.17 2 0
github.com/extmatperez/meli_bootcamp2/tree/bouza_facundo/12_testing3/PracticaTM/internal/transacciones/repository.go:69.3,73.17 4 0
github.com/extmatperez/meli_bootcamp2/tree/bouza_facundo/12_testing3/PracticaTM/internal/transacciones/repository.go:77.3,77.20 1 0
github.com/extmatperez/meli_bootcamp2/tree/bouza_facundo/12_testing3/PracticaTM/internal/transacciones/repository.go:66.17,68.4 1 0
github.com/extmatperez/meli_bootcamp2/tree/bouza_facundo/12_testing3/PracticaTM/internal/transacciones/repository.go:73.17,75.4 1 0
github.com/extmatperez/meli_bootcamp2/tree/bouza_facundo/12_testing3/PracticaTM/internal/transacciones/repository.go:81.47,83.16 2 0
github.com/extmatperez/meli_bootcamp2/tree/bouza_facundo/12_testing3/PracticaTM/internal/transacciones/repository.go:87.2,88.20 2 0
github.com/extmatperez/meli_bootcamp2/tree/bouza_facundo/12_testing3/PracticaTM/internal/transacciones/repository.go:92.2,93.20 2 0
github.com/extmatperez/meli_bootcamp2/tree/bouza_facundo/12_testing3/PracticaTM/internal/transacciones/repository.go:83.16,85.3 1 0
github.com/extmatperez/meli_bootcamp2/tree/bouza_facundo/12_testing3/PracticaTM/internal/transacciones/repository.go:88.20,90.3 1 0
github.com/extmatperez/meli_bootcamp2/tree/bouza_facundo/12_testing3/PracticaTM/internal/transacciones/repository.go:96.68,103.31 4 0
github.com/extmatperez/meli_bootcamp2/tree/bouza_facundo/12_testing3/PracticaTM/internal/transacciones/repository.go:110.2,110.20 1 0
github.com/extmatperez/meli_bootcamp2/tree/bouza_facundo/12_testing3/PracticaTM/internal/transacciones/repository.go:113.2,113.12 1 0
github.com/extmatperez/meli_bootcamp2/tree/bouza_facundo/12_testing3/PracticaTM/internal/transacciones/repository.go:103.31,105.18 2 0
github.com/extmatperez/meli_bootcamp2/tree/bouza_facundo/12_testing3/PracticaTM/internal/transacciones/repository.go:105.18,107.4 1 0
github.com/extmatperez/meli_bootcamp2/tree/bouza_facundo/12_testing3/PracticaTM/internal/transacciones/repository.go:110.20,112.3 1 0
github.com/extmatperez/meli_bootcamp2/tree/bouza_facundo/12_testing3/PracticaTM/internal/transacciones/repository.go:116.64,119.38 3 1
github.com/extmatperez/meli_bootcamp2/tree/bouza_facundo/12_testing3/PracticaTM/internal/transacciones/repository.go:127.2,127.11 1 1
github.com/extmatperez/meli_bootcamp2/tree/bouza_facundo/12_testing3/PracticaTM/internal/transacciones/repository.go:119.38,120.35 1 1
github.com/extmatperez/meli_bootcamp2/tree/bouza_facundo/12_testing3/PracticaTM/internal/transacciones/repository.go:120.35,123.9 3 0
github.com/extmatperez/meli_bootcamp2/tree/bouza_facundo/12_testing3/PracticaTM/internal/transacciones/repository.go:127.11,129.3 1 0
github.com/extmatperez/meli_bootcamp2/tree/bouza_facundo/12_testing3/PracticaTM/internal/transacciones/repository.go:129.8,131.3 1 1
github.com/extmatperez/meli_bootcamp2/tree/bouza_facundo/12_testing3/PracticaTM/internal/transacciones/repository.go:134.109,137.44 3 0
github.com/extmatperez/meli_bootcamp2/tree/bouza_facundo/12_testing3/PracticaTM/internal/transacciones/repository.go:149.2,149.28 1 0
github.com/extmatperez/meli_bootcamp2/tree/bouza_facundo/12_testing3/PracticaTM/internal/transacciones/repository.go:137.44,139.45 1 0
github.com/extmatperez/meli_bootcamp2/tree/bouza_facundo/12_testing3/PracticaTM/internal/transacciones/repository.go:139.45,143.25 3 0
github.com/extmatperez/meli_bootcamp2/tree/bouza_facundo/12_testing3/PracticaTM/internal/transacciones/repository.go:143.25,145.5 1 0
github.com/extmatperez/meli_bootcamp2/tree/bouza_facundo/12_testing3/PracticaTM/internal/transacciones/repository.go:152.144,155.16 2 1
github.com/extmatperez/meli_bootcamp2/tree/bouza_facundo/12_testing3/PracticaTM/internal/transacciones/repository.go:159.2,161.31 3 1
github.com/extmatperez/meli_bootcamp2/tree/bouza_facundo/12_testing3/PracticaTM/internal/transacciones/repository.go:168.2,168.14 1 1
github.com/extmatperez/meli_bootcamp2/tree/bouza_facundo/12_testing3/PracticaTM/internal/transacciones/repository.go:173.2,174.16 2 1
github.com/extmatperez/meli_bootcamp2/tree/bouza_facundo/12_testing3/PracticaTM/internal/transacciones/repository.go:178.2,178.19 1 1
github.com/extmatperez/meli_bootcamp2/tree/bouza_facundo/12_testing3/PracticaTM/internal/transacciones/repository.go:155.16,157.3 1 0
github.com/extmatperez/meli_bootcamp2/tree/bouza_facundo/12_testing3/PracticaTM/internal/transacciones/repository.go:161.31,162.32 1 1
github.com/extmatperez/meli_bootcamp2/tree/bouza_facundo/12_testing3/PracticaTM/internal/transacciones/repository.go:162.32,165.9 3 1
github.com/extmatperez/meli_bootcamp2/tree/bouza_facundo/12_testing3/PracticaTM/internal/transacciones/repository.go:168.14,170.3 1 0
github.com/extmatperez/meli_bootcamp2/tree/bouza_facundo/12_testing3/PracticaTM/internal/transacciones/repository.go:174.16,176.3 1 0
github.com/extmatperez/meli_bootcamp2/tree/bouza_facundo/12_testing3/PracticaTM/internal/transacciones/repository.go:181.61,184.16 2 1
github.com/extmatperez/meli_bootcamp2/tree/bouza_facundo/12_testing3/PracticaTM/internal/transacciones/repository.go:188.2,190.38 3 1
github.com/extmatperez/meli_bootcamp2/tree/bouza_facundo/12_testing3/PracticaTM/internal/transacciones/repository.go:198.2,198.12 1 1
github.com/extmatperez/meli_bootcamp2/tree/bouza_facundo/12_testing3/PracticaTM/internal/transacciones/repository.go:203.2,204.16 2 1
github.com/extmatperez/meli_bootcamp2/tree/bouza_facundo/12_testing3/PracticaTM/internal/transacciones/repository.go:207.2,207.29 1 1
github.com/extmatperez/meli_bootcamp2/tree/bouza_facundo/12_testing3/PracticaTM/internal/transacciones/repository.go:184.16,186.3 1 0
github.com/extmatperez/meli_bootcamp2/tree/bouza_facundo/12_testing3/PracticaTM/internal/transacciones/repository.go:190.38,191.21 1 1
github.com/extmatperez/meli_bootcamp2/tree/bouza_facundo/12_testing3/PracticaTM/internal/transacciones/repository.go:191.21,195.9 4 1
github.com/extmatperez/meli_bootcamp2/tree/bouza_facundo/12_testing3/PracticaTM/internal/transacciones/repository.go:198.12,200.3 1 1
github.com/extmatperez/meli_bootcamp2/tree/bouza_facundo/12_testing3/PracticaTM/internal/transacciones/repository.go:204.16,206.3 1 0
github.com/extmatperez/meli_bootcamp2/tree/bouza_facundo/12_testing3/PracticaTM/internal/transacciones/repository.go:210.111,213.16 2 1
github.com/extmatperez/meli_bootcamp2/tree/bouza_facundo/12_testing3/PracticaTM/internal/transacciones/repository.go:217.2,219.31 3 1
github.com/extmatperez/meli_bootcamp2/tree/bouza_facundo/12_testing3/PracticaTM/internal/transacciones/repository.go:228.2,228.12 1 1
github.com/extmatperez/meli_bootcamp2/tree/bouza_facundo/12_testing3/PracticaTM/internal/transacciones/repository.go:233.2,234.16 2 1
github.com/extmatperez/meli_bootcamp2/tree/bouza_facundo/12_testing3/PracticaTM/internal/transacciones/repository.go:237.2,237.28 1 1
github.com/extmatperez/meli_bootcamp2/tree/bouza_facundo/12_testing3/PracticaTM/internal/transacciones/repository.go:213.16,215.3 1 0
github.com/extmatperez/meli_bootcamp2/tree/bouza_facundo/12_testing3/PracticaTM/internal/transacciones/repository.go:219.31,220.32 1 1
github.com/extmatperez/meli_bootcamp2/tree/bouza_facundo/12_testing3/PracticaTM/internal/transacciones/repository.go:220.32,225.4 4 1
github.com/extmatperez/meli_bootcamp2/tree/bouza_facundo/12_testing3/PracticaTM/internal/transacciones/repository.go:228.12,230.3 1 0
github.com/extmatperez/meli_bootcamp2/tree/bouza_facundo/12_testing3/PracticaTM/internal/transacciones/repository.go:234.16,236.3 1 0
